{"C:\\Users\\User\\Desktop\\NET2\\ReflexSharp-FE\\pixipls.js": {"path":"C:\\Users\\User\\Desktop\\NET2\\ReflexSharp-FE\\pixipls.js","all":true,"statementMap":{"0":{"start":{"line":1,"column":0},"end":{"line":1,"column":3}},"1":{"start":{"line":2,"column":0},"end":{"line":2,"column":19}},"2":{"start":{"line":3,"column":0},"end":{"line":3,"column":41}},"3":{"start":{"line":4,"column":0},"end":{"line":4,"column":2}},"4":{"start":{"line":5,"column":0},"end":{"line":5,"column":45}},"5":{"start":{"line":6,"column":0},"end":{"line":6,"column":49}},"6":{"start":{"line":7,"column":0},"end":{"line":7,"column":27}},"7":{"start":{"line":8,"column":0},"end":{"line":8,"column":27448}},"8":{"start":{"line":9,"column":0},"end":{"line":9,"column":8751}},"9":{"start":{"line":10,"column":0},"end":{"line":10,"column":130}},"10":{"start":{"line":11,"column":0},"end":{"line":11,"column":45}},"11":{"start":{"line":12,"column":0},"end":{"line":12,"column":23}},"12":{"start":{"line":13,"column":0},"end":{"line":13,"column":191}},"13":{"start":{"line":14,"column":0},"end":{"line":14,"column":120}},"14":{"start":{"line":15,"column":0},"end":{"line":15,"column":59}},"15":{"start":{"line":16,"column":0},"end":{"line":16,"column":35461}},"16":{"start":{"line":17,"column":0},"end":{"line":17,"column":24}},"17":{"start":{"line":18,"column":0},"end":{"line":18,"column":63}},"18":{"start":{"line":19,"column":0},"end":{"line":19,"column":65}},"19":{"start":{"line":20,"column":0},"end":{"line":20,"column":30523}},"20":{"start":{"line":21,"column":0},"end":{"line":21,"column":4}},"21":{"start":{"line":22,"column":0},"end":{"line":22,"column":31}},"22":{"start":{"line":23,"column":0},"end":{"line":23,"column":4}},"23":{"start":{"line":24,"column":0},"end":{"line":24,"column":20}},"24":{"start":{"line":25,"column":0},"end":{"line":25,"column":58}},"25":{"start":{"line":26,"column":0},"end":{"line":26,"column":45}},"26":{"start":{"line":27,"column":0},"end":{"line":27,"column":33}},"27":{"start":{"line":28,"column":0},"end":{"line":28,"column":4}},"28":{"start":{"line":29,"column":0},"end":{"line":29,"column":34}},"29":{"start":{"line":30,"column":0},"end":{"line":30,"column":4}},"30":{"start":{"line":31,"column":0},"end":{"line":31,"column":31}},"31":{"start":{"line":32,"column":0},"end":{"line":32,"column":4}},"32":{"start":{"line":33,"column":0},"end":{"line":33,"column":20}},"33":{"start":{"line":34,"column":0},"end":{"line":34,"column":88}},"34":{"start":{"line":35,"column":0},"end":{"line":35,"column":37}},"35":{"start":{"line":36,"column":0},"end":{"line":36,"column":5}},"36":{"start":{"line":37,"column":0},"end":{"line":37,"column":1098}},"37":{"start":{"line":38,"column":0},"end":{"line":38,"column":81}},"38":{"start":{"line":39,"column":0},"end":{"line":39,"column":51}},"39":{"start":{"line":40,"column":0},"end":{"line":40,"column":17}},"40":{"start":{"line":41,"column":0},"end":{"line":41,"column":49}},"41":{"start":{"line":42,"column":0},"end":{"line":42,"column":65}},"42":{"start":{"line":43,"column":0},"end":{"line":43,"column":17}},"43":{"start":{"line":44,"column":0},"end":{"line":44,"column":21}},"44":{"start":{"line":45,"column":0},"end":{"line":45,"column":228}},"45":{"start":{"line":46,"column":0},"end":{"line":46,"column":4}},"46":{"start":{"line":47,"column":0},"end":{"line":47,"column":53}},"47":{"start":{"line":48,"column":0},"end":{"line":48,"column":4}},"48":{"start":{"line":49,"column":0},"end":{"line":49,"column":42}},"49":{"start":{"line":50,"column":0},"end":{"line":50,"column":17}},"50":{"start":{"line":51,"column":0},"end":{"line":51,"column":41}},"51":{"start":{"line":52,"column":0},"end":{"line":52,"column":57}},"52":{"start":{"line":53,"column":0},"end":{"line":53,"column":36}},"53":{"start":{"line":54,"column":0},"end":{"line":54,"column":22}},"54":{"start":{"line":55,"column":0},"end":{"line":55,"column":103}},"55":{"start":{"line":56,"column":0},"end":{"line":56,"column":90}},"56":{"start":{"line":57,"column":0},"end":{"line":57,"column":34}},"57":{"start":{"line":58,"column":0},"end":{"line":58,"column":60}},"58":{"start":{"line":59,"column":0},"end":{"line":59,"column":4}},"59":{"start":{"line":60,"column":0},"end":{"line":60,"column":50}},"60":{"start":{"line":61,"column":0},"end":{"line":61,"column":52}},"61":{"start":{"line":62,"column":0},"end":{"line":62,"column":52}},"62":{"start":{"line":63,"column":0},"end":{"line":63,"column":12}},"63":{"start":{"line":64,"column":0},"end":{"line":64,"column":54}},"64":{"start":{"line":65,"column":0},"end":{"line":65,"column":54}},"65":{"start":{"line":66,"column":0},"end":{"line":66,"column":54}},"66":{"start":{"line":67,"column":0},"end":{"line":67,"column":12}},"67":{"start":{"line":68,"column":0},"end":{"line":68,"column":54}},"68":{"start":{"line":69,"column":0},"end":{"line":69,"column":54}},"69":{"start":{"line":70,"column":0},"end":{"line":70,"column":55}},"70":{"start":{"line":71,"column":0},"end":{"line":71,"column":21}},"71":{"start":{"line":72,"column":0},"end":{"line":72,"column":103}},"72":{"start":{"line":73,"column":0},"end":{"line":73,"column":42}},"73":{"start":{"line":74,"column":0},"end":{"line":74,"column":35}},"74":{"start":{"line":75,"column":0},"end":{"line":75,"column":4}},"75":{"start":{"line":76,"column":0},"end":{"line":76,"column":54}},"76":{"start":{"line":77,"column":0},"end":{"line":77,"column":21}},"77":{"start":{"line":78,"column":0},"end":{"line":78,"column":36}},"78":{"start":{"line":79,"column":0},"end":{"line":79,"column":36}},"79":{"start":{"line":80,"column":0},"end":{"line":80,"column":68}},"80":{"start":{"line":81,"column":0},"end":{"line":81,"column":39}},"81":{"start":{"line":82,"column":0},"end":{"line":82,"column":32}},"82":{"start":{"line":83,"column":0},"end":{"line":83,"column":4}},"83":{"start":{"line":84,"column":0},"end":{"line":84,"column":39}},"84":{"start":{"line":85,"column":0},"end":{"line":85,"column":41}},"85":{"start":{"line":86,"column":0},"end":{"line":86,"column":21}},"86":{"start":{"line":87,"column":0},"end":{"line":87,"column":80}},"87":{"start":{"line":88,"column":0},"end":{"line":88,"column":42}},"88":{"start":{"line":89,"column":0},"end":{"line":89,"column":35}},"89":{"start":{"line":90,"column":0},"end":{"line":90,"column":4}},"90":{"start":{"line":91,"column":0},"end":{"line":91,"column":56}},"91":{"start":{"line":92,"column":0},"end":{"line":92,"column":21}},"92":{"start":{"line":93,"column":0},"end":{"line":93,"column":37}},"93":{"start":{"line":94,"column":0},"end":{"line":94,"column":37}},"94":{"start":{"line":95,"column":0},"end":{"line":95,"column":70}},"95":{"start":{"line":96,"column":0},"end":{"line":96,"column":21}},"96":{"start":{"line":97,"column":0},"end":{"line":97,"column":21}},"97":{"start":{"line":98,"column":0},"end":{"line":98,"column":107}},"98":{"start":{"line":99,"column":0},"end":{"line":99,"column":42}},"99":{"start":{"line":100,"column":0},"end":{"line":100,"column":35}},"100":{"start":{"line":101,"column":0},"end":{"line":101,"column":4}},"101":{"start":{"line":102,"column":0},"end":{"line":102,"column":97}},"102":{"start":{"line":103,"column":0},"end":{"line":103,"column":21}},"103":{"start":{"line":104,"column":0},"end":{"line":104,"column":36}},"104":{"start":{"line":105,"column":0},"end":{"line":105,"column":36}},"105":{"start":{"line":106,"column":0},"end":{"line":106,"column":40}},"106":{"start":{"line":107,"column":0},"end":{"line":107,"column":41}},"107":{"start":{"line":108,"column":0},"end":{"line":108,"column":86}},"108":{"start":{"line":109,"column":0},"end":{"line":109,"column":39}},"109":{"start":{"line":110,"column":0},"end":{"line":110,"column":36}},"110":{"start":{"line":111,"column":0},"end":{"line":111,"column":4}},"111":{"start":{"line":112,"column":0},"end":{"line":112,"column":43}},"112":{"start":{"line":113,"column":0},"end":{"line":113,"column":45}},"113":{"start":{"line":114,"column":0},"end":{"line":114,"column":49}},"114":{"start":{"line":115,"column":0},"end":{"line":115,"column":50}},"115":{"start":{"line":116,"column":0},"end":{"line":116,"column":25}},"116":{"start":{"line":117,"column":0},"end":{"line":117,"column":105}},"117":{"start":{"line":118,"column":0},"end":{"line":118,"column":42}},"118":{"start":{"line":119,"column":0},"end":{"line":119,"column":35}},"119":{"start":{"line":120,"column":0},"end":{"line":120,"column":4}},"120":{"start":{"line":121,"column":0},"end":{"line":121,"column":101}},"121":{"start":{"line":122,"column":0},"end":{"line":122,"column":21}},"122":{"start":{"line":123,"column":0},"end":{"line":123,"column":38}},"123":{"start":{"line":124,"column":0},"end":{"line":124,"column":40}},"124":{"start":{"line":125,"column":0},"end":{"line":125,"column":39}},"125":{"start":{"line":126,"column":0},"end":{"line":126,"column":40}},"126":{"start":{"line":127,"column":0},"end":{"line":127,"column":90}},"127":{"start":{"line":128,"column":0},"end":{"line":128,"column":39}},"128":{"start":{"line":129,"column":0},"end":{"line":129,"column":36}},"129":{"start":{"line":130,"column":0},"end":{"line":130,"column":4}},"130":{"start":{"line":131,"column":0},"end":{"line":131,"column":45}},"131":{"start":{"line":132,"column":0},"end":{"line":132,"column":49}},"132":{"start":{"line":133,"column":0},"end":{"line":133,"column":48}},"133":{"start":{"line":134,"column":0},"end":{"line":134,"column":49}},"134":{"start":{"line":135,"column":0},"end":{"line":135,"column":25}},"135":{"start":{"line":136,"column":0},"end":{"line":136,"column":105}},"136":{"start":{"line":137,"column":0},"end":{"line":137,"column":42}},"137":{"start":{"line":138,"column":0},"end":{"line":138,"column":35}},"138":{"start":{"line":139,"column":0},"end":{"line":139,"column":4}},"139":{"start":{"line":140,"column":0},"end":{"line":140,"column":97}},"140":{"start":{"line":141,"column":0},"end":{"line":141,"column":21}},"141":{"start":{"line":142,"column":0},"end":{"line":142,"column":38}},"142":{"start":{"line":143,"column":0},"end":{"line":143,"column":40}},"143":{"start":{"line":144,"column":0},"end":{"line":144,"column":39}},"144":{"start":{"line":145,"column":0},"end":{"line":145,"column":8}},"145":{"start":{"line":146,"column":0},"end":{"line":146,"column":81}},"146":{"start":{"line":147,"column":0},"end":{"line":147,"column":39}},"147":{"start":{"line":148,"column":0},"end":{"line":148,"column":36}},"148":{"start":{"line":149,"column":0},"end":{"line":149,"column":4}},"149":{"start":{"line":150,"column":0},"end":{"line":150,"column":45}},"150":{"start":{"line":151,"column":0},"end":{"line":151,"column":49}},"151":{"start":{"line":152,"column":0},"end":{"line":152,"column":48}},"152":{"start":{"line":153,"column":0},"end":{"line":153,"column":25}},"153":{"start":{"line":154,"column":0},"end":{"line":154,"column":80}},"154":{"start":{"line":155,"column":0},"end":{"line":155,"column":42}},"155":{"start":{"line":156,"column":0},"end":{"line":156,"column":35}},"156":{"start":{"line":157,"column":0},"end":{"line":157,"column":4}},"157":{"start":{"line":158,"column":0},"end":{"line":158,"column":92}},"158":{"start":{"line":159,"column":0},"end":{"line":159,"column":21}},"159":{"start":{"line":160,"column":0},"end":{"line":160,"column":37}},"160":{"start":{"line":161,"column":0},"end":{"line":161,"column":37}},"161":{"start":{"line":162,"column":0},"end":{"line":162,"column":37}},"162":{"start":{"line":163,"column":0},"end":{"line":163,"column":37}},"163":{"start":{"line":164,"column":0},"end":{"line":164,"column":4}},"164":{"start":{"line":165,"column":0},"end":{"line":165,"column":81}},"165":{"start":{"line":166,"column":0},"end":{"line":166,"column":32}},"166":{"start":{"line":167,"column":0},"end":{"line":167,"column":20}},"167":{"start":{"line":168,"column":0},"end":{"line":168,"column":21}},"168":{"start":{"line":169,"column":0},"end":{"line":169,"column":9}},"169":{"start":{"line":170,"column":0},"end":{"line":170,"column":25}},"170":{"start":{"line":171,"column":0},"end":{"line":171,"column":38}},"171":{"start":{"line":172,"column":0},"end":{"line":172,"column":19}},"172":{"start":{"line":173,"column":0},"end":{"line":173,"column":45}},"173":{"start":{"line":174,"column":0},"end":{"line":174,"column":9}},"174":{"start":{"line":175,"column":0},"end":{"line":175,"column":25}},"175":{"start":{"line":176,"column":0},"end":{"line":176,"column":25}},"176":{"start":{"line":177,"column":0},"end":{"line":177,"column":4}},"177":{"start":{"line":178,"column":0},"end":{"line":178,"column":46}},"178":{"start":{"line":179,"column":0},"end":{"line":179,"column":19}},"179":{"start":{"line":180,"column":0},"end":{"line":180,"column":63}},"180":{"start":{"line":181,"column":0},"end":{"line":181,"column":9}},"181":{"start":{"line":182,"column":0},"end":{"line":182,"column":25}},"182":{"start":{"line":183,"column":0},"end":{"line":183,"column":25}},"183":{"start":{"line":184,"column":0},"end":{"line":184,"column":25}},"184":{"start":{"line":185,"column":0},"end":{"line":185,"column":4}},"185":{"start":{"line":186,"column":0},"end":{"line":186,"column":52}},"186":{"start":{"line":187,"column":0},"end":{"line":187,"column":19}},"187":{"start":{"line":188,"column":0},"end":{"line":188,"column":81}},"188":{"start":{"line":189,"column":0},"end":{"line":189,"column":9}},"189":{"start":{"line":190,"column":0},"end":{"line":190,"column":25}},"190":{"start":{"line":191,"column":0},"end":{"line":191,"column":25}},"191":{"start":{"line":192,"column":0},"end":{"line":192,"column":25}},"192":{"start":{"line":193,"column":0},"end":{"line":193,"column":25}},"193":{"start":{"line":194,"column":0},"end":{"line":194,"column":4}},"194":{"start":{"line":195,"column":0},"end":{"line":195,"column":59}},"195":{"start":{"line":196,"column":0},"end":{"line":196,"column":18}},"196":{"start":{"line":197,"column":0},"end":{"line":197,"column":21}},"197":{"start":{"line":198,"column":0},"end":{"line":198,"column":9}},"198":{"start":{"line":199,"column":0},"end":{"line":199,"column":25}},"199":{"start":{"line":200,"column":0},"end":{"line":200,"column":4}},"200":{"start":{"line":201,"column":0},"end":{"line":201,"column":38}},"201":{"start":{"line":202,"column":0},"end":{"line":202,"column":20}},"202":{"start":{"line":203,"column":0},"end":{"line":203,"column":45}},"203":{"start":{"line":204,"column":0},"end":{"line":204,"column":9}},"204":{"start":{"line":205,"column":0},"end":{"line":205,"column":25}},"205":{"start":{"line":206,"column":0},"end":{"line":206,"column":25}},"206":{"start":{"line":207,"column":0},"end":{"line":207,"column":4}},"207":{"start":{"line":208,"column":0},"end":{"line":208,"column":47}},"208":{"start":{"line":209,"column":0},"end":{"line":209,"column":20}},"209":{"start":{"line":210,"column":0},"end":{"line":210,"column":63}},"210":{"start":{"line":211,"column":0},"end":{"line":211,"column":9}},"211":{"start":{"line":212,"column":0},"end":{"line":212,"column":25}},"212":{"start":{"line":213,"column":0},"end":{"line":213,"column":25}},"213":{"start":{"line":214,"column":0},"end":{"line":214,"column":25}},"214":{"start":{"line":215,"column":0},"end":{"line":215,"column":4}},"215":{"start":{"line":216,"column":0},"end":{"line":216,"column":53}},"216":{"start":{"line":217,"column":0},"end":{"line":217,"column":20}},"217":{"start":{"line":218,"column":0},"end":{"line":218,"column":81}},"218":{"start":{"line":219,"column":0},"end":{"line":219,"column":9}},"219":{"start":{"line":220,"column":0},"end":{"line":220,"column":25}},"220":{"start":{"line":221,"column":0},"end":{"line":221,"column":25}},"221":{"start":{"line":222,"column":0},"end":{"line":222,"column":25}},"222":{"start":{"line":223,"column":0},"end":{"line":223,"column":25}},"223":{"start":{"line":224,"column":0},"end":{"line":224,"column":4}},"224":{"start":{"line":225,"column":0},"end":{"line":225,"column":59}},"225":{"start":{"line":226,"column":0},"end":{"line":226,"column":19}},"226":{"start":{"line":227,"column":0},"end":{"line":227,"column":21}},"227":{"start":{"line":228,"column":0},"end":{"line":228,"column":9}},"228":{"start":{"line":229,"column":0},"end":{"line":229,"column":25}},"229":{"start":{"line":230,"column":0},"end":{"line":230,"column":4}},"230":{"start":{"line":231,"column":0},"end":{"line":231,"column":39}},"231":{"start":{"line":232,"column":0},"end":{"line":232,"column":20}},"232":{"start":{"line":233,"column":0},"end":{"line":233,"column":45}},"233":{"start":{"line":234,"column":0},"end":{"line":234,"column":9}},"234":{"start":{"line":235,"column":0},"end":{"line":235,"column":25}},"235":{"start":{"line":236,"column":0},"end":{"line":236,"column":25}},"236":{"start":{"line":237,"column":0},"end":{"line":237,"column":4}},"237":{"start":{"line":238,"column":0},"end":{"line":238,"column":48}},"238":{"start":{"line":239,"column":0},"end":{"line":239,"column":20}},"239":{"start":{"line":240,"column":0},"end":{"line":240,"column":63}},"240":{"start":{"line":241,"column":0},"end":{"line":241,"column":9}},"241":{"start":{"line":242,"column":0},"end":{"line":242,"column":25}},"242":{"start":{"line":243,"column":0},"end":{"line":243,"column":25}},"243":{"start":{"line":244,"column":0},"end":{"line":244,"column":25}},"244":{"start":{"line":245,"column":0},"end":{"line":245,"column":4}},"245":{"start":{"line":246,"column":0},"end":{"line":246,"column":54}},"246":{"start":{"line":247,"column":0},"end":{"line":247,"column":20}},"247":{"start":{"line":248,"column":0},"end":{"line":248,"column":81}},"248":{"start":{"line":249,"column":0},"end":{"line":249,"column":9}},"249":{"start":{"line":250,"column":0},"end":{"line":250,"column":25}},"250":{"start":{"line":251,"column":0},"end":{"line":251,"column":25}},"251":{"start":{"line":252,"column":0},"end":{"line":252,"column":25}},"252":{"start":{"line":253,"column":0},"end":{"line":253,"column":25}},"253":{"start":{"line":254,"column":0},"end":{"line":254,"column":4}},"254":{"start":{"line":255,"column":0},"end":{"line":255,"column":60}},"255":{"start":{"line":256,"column":0},"end":{"line":256,"column":19}},"256":{"start":{"line":257,"column":0},"end":{"line":257,"column":21}},"257":{"start":{"line":258,"column":0},"end":{"line":258,"column":9}},"258":{"start":{"line":259,"column":0},"end":{"line":259,"column":25}},"259":{"start":{"line":260,"column":0},"end":{"line":260,"column":38}},"260":{"start":{"line":261,"column":0},"end":{"line":261,"column":20}},"261":{"start":{"line":262,"column":0},"end":{"line":262,"column":43}},"262":{"start":{"line":263,"column":0},"end":{"line":263,"column":9}},"263":{"start":{"line":264,"column":0},"end":{"line":264,"column":25}},"264":{"start":{"line":265,"column":0},"end":{"line":265,"column":25}},"265":{"start":{"line":266,"column":0},"end":{"line":266,"column":4}},"266":{"start":{"line":267,"column":0},"end":{"line":267,"column":47}},"267":{"start":{"line":268,"column":0},"end":{"line":268,"column":20}},"268":{"start":{"line":269,"column":0},"end":{"line":269,"column":63}},"269":{"start":{"line":270,"column":0},"end":{"line":270,"column":9}},"270":{"start":{"line":271,"column":0},"end":{"line":271,"column":25}},"271":{"start":{"line":272,"column":0},"end":{"line":272,"column":25}},"272":{"start":{"line":273,"column":0},"end":{"line":273,"column":25}},"273":{"start":{"line":274,"column":0},"end":{"line":274,"column":4}},"274":{"start":{"line":275,"column":0},"end":{"line":275,"column":53}},"275":{"start":{"line":276,"column":0},"end":{"line":276,"column":20}},"276":{"start":{"line":277,"column":0},"end":{"line":277,"column":81}},"277":{"start":{"line":278,"column":0},"end":{"line":278,"column":9}},"278":{"start":{"line":279,"column":0},"end":{"line":279,"column":25}},"279":{"start":{"line":280,"column":0},"end":{"line":280,"column":25}},"280":{"start":{"line":281,"column":0},"end":{"line":281,"column":25}},"281":{"start":{"line":282,"column":0},"end":{"line":282,"column":25}},"282":{"start":{"line":283,"column":0},"end":{"line":283,"column":4}},"283":{"start":{"line":284,"column":0},"end":{"line":284,"column":59}},"284":{"start":{"line":285,"column":0},"end":{"line":285,"column":171}},"285":{"start":{"line":286,"column":0},"end":{"line":286,"column":21}},"286":{"start":{"line":287,"column":0},"end":{"line":287,"column":9}},"287":{"start":{"line":288,"column":0},"end":{"line":288,"column":25}},"288":{"start":{"line":289,"column":0},"end":{"line":289,"column":4}},"289":{"start":{"line":290,"column":0},"end":{"line":290,"column":38}},"290":{"start":{"line":291,"column":0},"end":{"line":291,"column":26}},"291":{"start":{"line":292,"column":0},"end":{"line":292,"column":21}},"292":{"start":{"line":293,"column":0},"end":{"line":293,"column":9}},"293":{"start":{"line":294,"column":0},"end":{"line":294,"column":25}},"294":{"start":{"line":295,"column":0},"end":{"line":295,"column":4}},"295":{"start":{"line":296,"column":0},"end":{"line":296,"column":38}},"296":{"start":{"line":297,"column":0},"end":{"line":297,"column":29}},"297":{"start":{"line":298,"column":0},"end":{"line":298,"column":21}},"298":{"start":{"line":299,"column":0},"end":{"line":299,"column":9}},"299":{"start":{"line":300,"column":0},"end":{"line":300,"column":25}},"300":{"start":{"line":301,"column":0},"end":{"line":301,"column":4}},"301":{"start":{"line":302,"column":0},"end":{"line":302,"column":38}},"302":{"start":{"line":303,"column":0},"end":{"line":303,"column":907}},"303":{"start":{"line":304,"column":0},"end":{"line":304,"column":27}},"304":{"start":{"line":305,"column":0},"end":{"line":305,"column":25}},"305":{"start":{"line":306,"column":0},"end":{"line":306,"column":26}},"306":{"start":{"line":307,"column":0},"end":{"line":307,"column":26}},"307":{"start":{"line":308,"column":0},"end":{"line":308,"column":22}},"308":{"start":{"line":309,"column":0},"end":{"line":309,"column":33}},"309":{"start":{"line":310,"column":0},"end":{"line":310,"column":41}},"310":{"start":{"line":311,"column":0},"end":{"line":311,"column":37}},"311":{"start":{"line":312,"column":0},"end":{"line":312,"column":104}},"312":{"start":{"line":313,"column":0},"end":{"line":313,"column":84}},"313":{"start":{"line":314,"column":0},"end":{"line":314,"column":37}},"314":{"start":{"line":315,"column":0},"end":{"line":315,"column":80}},"315":{"start":{"line":316,"column":0},"end":{"line":316,"column":37}},"316":{"start":{"line":317,"column":0},"end":{"line":317,"column":161}},"317":{"start":{"line":318,"column":0},"end":{"line":318,"column":125}},"318":{"start":{"line":319,"column":0},"end":{"line":319,"column":32}},"319":{"start":{"line":320,"column":0},"end":{"line":320,"column":30}},"320":{"start":{"line":321,"column":0},"end":{"line":321,"column":31}},"321":{"start":{"line":322,"column":0},"end":{"line":322,"column":23}},"322":{"start":{"line":323,"column":0},"end":{"line":323,"column":13}},"323":{"start":{"line":324,"column":0},"end":{"line":324,"column":74}},"324":{"start":{"line":325,"column":0},"end":{"line":325,"column":7}},"325":{"start":{"line":326,"column":0},"end":{"line":326,"column":621}},"326":{"start":{"line":327,"column":0},"end":{"line":327,"column":46}},"327":{"start":{"line":328,"column":0},"end":{"line":328,"column":76}},"328":{"start":{"line":329,"column":0},"end":{"line":329,"column":296}},"329":{"start":{"line":330,"column":0},"end":{"line":330,"column":132}},"330":{"start":{"line":331,"column":0},"end":{"line":331,"column":1518}},"331":{"start":{"line":332,"column":0},"end":{"line":332,"column":48}},"332":{"start":{"line":333,"column":0},"end":{"line":333,"column":103}},"333":{"start":{"line":334,"column":0},"end":{"line":334,"column":9}},"334":{"start":{"line":335,"column":0},"end":{"line":335,"column":144}},"335":{"start":{"line":336,"column":0},"end":{"line":336,"column":267}},"336":{"start":{"line":337,"column":0},"end":{"line":337,"column":54}},"337":{"start":{"line":338,"column":0},"end":{"line":338,"column":404}},"338":{"start":{"line":339,"column":0},"end":{"line":339,"column":68}},"339":{"start":{"line":340,"column":0},"end":{"line":340,"column":222}},"340":{"start":{"line":341,"column":0},"end":{"line":341,"column":201}},"341":{"start":{"line":342,"column":0},"end":{"line":342,"column":1577}},"342":{"start":{"line":343,"column":0},"end":{"line":343,"column":832}},"343":{"start":{"line":344,"column":0},"end":{"line":344,"column":30}},"344":{"start":{"line":345,"column":0},"end":{"line":345,"column":13}},"345":{"start":{"line":346,"column":0},"end":{"line":346,"column":50}},"346":{"start":{"line":347,"column":0},"end":{"line":347,"column":66}},"347":{"start":{"line":348,"column":0},"end":{"line":348,"column":14}},"348":{"start":{"line":349,"column":0},"end":{"line":349,"column":67}},"349":{"start":{"line":350,"column":0},"end":{"line":350,"column":21}},"350":{"start":{"line":351,"column":0},"end":{"line":351,"column":13}},"351":{"start":{"line":352,"column":0},"end":{"line":352,"column":8}},"352":{"start":{"line":353,"column":0},"end":{"line":353,"column":9}},"353":{"start":{"line":354,"column":0},"end":{"line":354,"column":748}},"354":{"start":{"line":355,"column":0},"end":{"line":355,"column":24}},"355":{"start":{"line":356,"column":0},"end":{"line":356,"column":29}},"356":{"start":{"line":357,"column":0},"end":{"line":357,"column":41}},"357":{"start":{"line":358,"column":0},"end":{"line":358,"column":4}},"358":{"start":{"line":359,"column":0},"end":{"line":359,"column":20}},"359":{"start":{"line":360,"column":0},"end":{"line":360,"column":19}},"360":{"start":{"line":361,"column":0},"end":{"line":361,"column":17}},"361":{"start":{"line":362,"column":0},"end":{"line":362,"column":38}},"362":{"start":{"line":363,"column":0},"end":{"line":363,"column":5}},"363":{"start":{"line":364,"column":0},"end":{"line":364,"column":35}},"364":{"start":{"line":365,"column":0},"end":{"line":365,"column":35}},"365":{"start":{"line":366,"column":0},"end":{"line":366,"column":33}},"366":{"start":{"line":367,"column":0},"end":{"line":367,"column":26}},"367":{"start":{"line":368,"column":0},"end":{"line":368,"column":31}},"368":{"start":{"line":369,"column":0},"end":{"line":369,"column":4}},"369":{"start":{"line":370,"column":0},"end":{"line":370,"column":34}},"370":{"start":{"line":371,"column":0},"end":{"line":371,"column":35}},"371":{"start":{"line":372,"column":0},"end":{"line":372,"column":22}},"372":{"start":{"line":373,"column":0},"end":{"line":373,"column":4}},"373":{"start":{"line":374,"column":0},"end":{"line":374,"column":31}},"374":{"start":{"line":375,"column":0},"end":{"line":375,"column":24}},"375":{"start":{"line":376,"column":0},"end":{"line":376,"column":29}},"376":{"start":{"line":377,"column":0},"end":{"line":377,"column":4}},"377":{"start":{"line":378,"column":0},"end":{"line":378,"column":20}},"378":{"start":{"line":379,"column":0},"end":{"line":379,"column":109}},"379":{"start":{"line":380,"column":0},"end":{"line":380,"column":4}},"380":{"start":{"line":381,"column":0},"end":{"line":381,"column":38}},"381":{"start":{"line":382,"column":0},"end":{"line":382,"column":32}},"382":{"start":{"line":383,"column":0},"end":{"line":383,"column":31}},"383":{"start":{"line":384,"column":0},"end":{"line":384,"column":5}},"384":{"start":{"line":385,"column":0},"end":{"line":385,"column":7234}},"385":{"start":{"line":386,"column":0},"end":{"line":386,"column":4}},"386":{"start":{"line":387,"column":0},"end":{"line":387,"column":31}},"387":{"start":{"line":388,"column":0},"end":{"line":388,"column":4}},"388":{"start":{"line":389,"column":0},"end":{"line":389,"column":20}},"389":{"start":{"line":390,"column":0},"end":{"line":390,"column":57}},"390":{"start":{"line":391,"column":0},"end":{"line":391,"column":5}},"391":{"start":{"line":392,"column":0},"end":{"line":392,"column":44}},"392":{"start":{"line":393,"column":0},"end":{"line":393,"column":4}},"393":{"start":{"line":394,"column":0},"end":{"line":394,"column":34}},"394":{"start":{"line":395,"column":0},"end":{"line":395,"column":4}},"395":{"start":{"line":396,"column":0},"end":{"line":396,"column":31}},"396":{"start":{"line":397,"column":0},"end":{"line":397,"column":4}},"397":{"start":{"line":398,"column":0},"end":{"line":398,"column":27}},"398":{"start":{"line":399,"column":0},"end":{"line":399,"column":29}},"399":{"start":{"line":400,"column":0},"end":{"line":400,"column":4}},"400":{"start":{"line":401,"column":0},"end":{"line":401,"column":37}},"401":{"start":{"line":402,"column":0},"end":{"line":402,"column":5}},"402":{"start":{"line":403,"column":0},"end":{"line":403,"column":89}},"403":{"start":{"line":404,"column":0},"end":{"line":404,"column":4}},"404":{"start":{"line":405,"column":0},"end":{"line":405,"column":75}},"405":{"start":{"line":406,"column":0},"end":{"line":406,"column":5}},"406":{"start":{"line":407,"column":0},"end":{"line":407,"column":4}},"407":{"start":{"line":408,"column":0},"end":{"line":408,"column":35}},"408":{"start":{"line":409,"column":0},"end":{"line":409,"column":5}},"409":{"start":{"line":410,"column":0},"end":{"line":410,"column":65}},"410":{"start":{"line":411,"column":0},"end":{"line":411,"column":5}},"411":{"start":{"line":412,"column":0},"end":{"line":412,"column":4}},"412":{"start":{"line":413,"column":0},"end":{"line":413,"column":19}},"413":{"start":{"line":414,"column":0},"end":{"line":414,"column":5}},"414":{"start":{"line":415,"column":0},"end":{"line":415,"column":45}},"415":{"start":{"line":416,"column":0},"end":{"line":416,"column":45}},"416":{"start":{"line":417,"column":0},"end":{"line":417,"column":5}},"417":{"start":{"line":418,"column":0},"end":{"line":418,"column":48323}},"418":{"start":{"line":419,"column":0},"end":{"line":419,"column":31}},"419":{"start":{"line":420,"column":0},"end":{"line":420,"column":4}},"420":{"start":{"line":421,"column":0},"end":{"line":421,"column":31}},"421":{"start":{"line":422,"column":0},"end":{"line":422,"column":27}},"422":{"start":{"line":423,"column":0},"end":{"line":423,"column":24}},"423":{"start":{"line":424,"column":0},"end":{"line":424,"column":27}},"424":{"start":{"line":425,"column":0},"end":{"line":425,"column":27}},"425":{"start":{"line":426,"column":0},"end":{"line":426,"column":4}},"426":{"start":{"line":427,"column":0},"end":{"line":427,"column":19}},"427":{"start":{"line":428,"column":0},"end":{"line":428,"column":5}},"428":{"start":{"line":429,"column":0},"end":{"line":429,"column":30}},"429":{"start":{"line":430,"column":0},"end":{"line":430,"column":45}},"430":{"start":{"line":431,"column":0},"end":{"line":431,"column":45}},"431":{"start":{"line":432,"column":0},"end":{"line":432,"column":45}},"432":{"start":{"line":433,"column":0},"end":{"line":433,"column":45}},"433":{"start":{"line":434,"column":0},"end":{"line":434,"column":4}},"434":{"start":{"line":435,"column":0},"end":{"line":435,"column":59}},"435":{"start":{"line":436,"column":0},"end":{"line":436,"column":49}},"436":{"start":{"line":437,"column":0},"end":{"line":437,"column":58}},"437":{"start":{"line":438,"column":0},"end":{"line":438,"column":4}},"438":{"start":{"line":439,"column":0},"end":{"line":439,"column":56}},"439":{"start":{"line":440,"column":0},"end":{"line":440,"column":4}},"440":{"start":{"line":441,"column":0},"end":{"line":441,"column":32}},"441":{"start":{"line":442,"column":0},"end":{"line":442,"column":5}},"442":{"start":{"line":443,"column":0},"end":{"line":443,"column":44}},"443":{"start":{"line":444,"column":0},"end":{"line":444,"column":33}},"444":{"start":{"line":445,"column":0},"end":{"line":445,"column":4}},"445":{"start":{"line":446,"column":0},"end":{"line":446,"column":34}},"446":{"start":{"line":447,"column":0},"end":{"line":447,"column":29}},"447":{"start":{"line":448,"column":0},"end":{"line":448,"column":4}},"448":{"start":{"line":449,"column":0},"end":{"line":449,"column":28}},"449":{"start":{"line":450,"column":0},"end":{"line":450,"column":31}},"450":{"start":{"line":451,"column":0},"end":{"line":451,"column":4}},"451":{"start":{"line":452,"column":0},"end":{"line":452,"column":19}},"452":{"start":{"line":453,"column":0},"end":{"line":453,"column":5}},"453":{"start":{"line":454,"column":0},"end":{"line":454,"column":89}},"454":{"start":{"line":455,"column":0},"end":{"line":455,"column":4}},"455":{"start":{"line":456,"column":0},"end":{"line":456,"column":38}},"456":{"start":{"line":457,"column":0},"end":{"line":457,"column":69}},"457":{"start":{"line":458,"column":0},"end":{"line":458,"column":5}},"458":{"start":{"line":459,"column":0},"end":{"line":459,"column":15817}},"459":{"start":{"line":460,"column":0},"end":{"line":460,"column":16}},"460":{"start":{"line":461,"column":0},"end":{"line":461,"column":29}},"461":{"start":{"line":462,"column":0},"end":{"line":462,"column":18}},"462":{"start":{"line":463,"column":0},"end":{"line":463,"column":32}},"463":{"start":{"line":464,"column":0},"end":{"line":464,"column":34}},"464":{"start":{"line":465,"column":0},"end":{"line":465,"column":18}},"465":{"start":{"line":466,"column":0},"end":{"line":466,"column":32}},"466":{"start":{"line":467,"column":0},"end":{"line":467,"column":34}},"467":{"start":{"line":468,"column":0},"end":{"line":468,"column":34}},"468":{"start":{"line":469,"column":0},"end":{"line":469,"column":4}},"469":{"start":{"line":470,"column":0},"end":{"line":470,"column":18}},"470":{"start":{"line":471,"column":0},"end":{"line":471,"column":32}},"471":{"start":{"line":472,"column":0},"end":{"line":472,"column":34}},"472":{"start":{"line":473,"column":0},"end":{"line":473,"column":34}},"473":{"start":{"line":474,"column":0},"end":{"line":474,"column":34}},"474":{"start":{"line":475,"column":0},"end":{"line":475,"column":18}},"475":{"start":{"line":476,"column":0},"end":{"line":476,"column":32}},"476":{"start":{"line":477,"column":0},"end":{"line":477,"column":34}},"477":{"start":{"line":478,"column":0},"end":{"line":478,"column":4}},"478":{"start":{"line":479,"column":0},"end":{"line":479,"column":34}},"479":{"start":{"line":480,"column":0},"end":{"line":480,"column":34}},"480":{"start":{"line":481,"column":0},"end":{"line":481,"column":18}},"481":{"start":{"line":482,"column":0},"end":{"line":482,"column":32}},"482":{"start":{"line":483,"column":0},"end":{"line":483,"column":34}},"483":{"start":{"line":484,"column":0},"end":{"line":484,"column":34}},"484":{"start":{"line":485,"column":0},"end":{"line":485,"column":4}},"485":{"start":{"line":486,"column":0},"end":{"line":486,"column":36}},"486":{"start":{"line":487,"column":0},"end":{"line":487,"column":36}},"487":{"start":{"line":488,"column":0},"end":{"line":488,"column":36}},"488":{"start":{"line":489,"column":0},"end":{"line":489,"column":4}},"489":{"start":{"line":490,"column":0},"end":{"line":490,"column":36}},"490":{"start":{"line":491,"column":0},"end":{"line":491,"column":36}},"491":{"start":{"line":492,"column":0},"end":{"line":492,"column":37}},"492":{"start":{"line":493,"column":0},"end":{"line":493,"column":18}},"493":{"start":{"line":494,"column":0},"end":{"line":494,"column":39}},"494":{"start":{"line":495,"column":0},"end":{"line":495,"column":13}},"495":{"start":{"line":496,"column":0},"end":{"line":496,"column":40}},"496":{"start":{"line":497,"column":0},"end":{"line":497,"column":13}},"497":{"start":{"line":498,"column":0},"end":{"line":498,"column":862}},"498":{"start":{"line":499,"column":0},"end":{"line":499,"column":133}},"499":{"start":{"line":500,"column":0},"end":{"line":500,"column":21}},"500":{"start":{"line":501,"column":0},"end":{"line":501,"column":22}},"501":{"start":{"line":502,"column":0},"end":{"line":502,"column":22}},"502":{"start":{"line":503,"column":0},"end":{"line":503,"column":18}},"503":{"start":{"line":504,"column":0},"end":{"line":504,"column":28}},"504":{"start":{"line":505,"column":0},"end":{"line":505,"column":22}},"505":{"start":{"line":506,"column":0},"end":{"line":506,"column":31}},"506":{"start":{"line":507,"column":0},"end":{"line":507,"column":48}},"507":{"start":{"line":508,"column":0},"end":{"line":508,"column":295}},"508":{"start":{"line":509,"column":0},"end":{"line":509,"column":122}},"509":{"start":{"line":510,"column":0},"end":{"line":510,"column":39}},"510":{"start":{"line":511,"column":0},"end":{"line":511,"column":32}},"511":{"start":{"line":512,"column":0},"end":{"line":512,"column":45}},"512":{"start":{"line":513,"column":0},"end":{"line":513,"column":4}},"513":{"start":{"line":514,"column":0},"end":{"line":514,"column":26}},"514":{"start":{"line":515,"column":0},"end":{"line":515,"column":4}},"515":{"start":{"line":516,"column":0},"end":{"line":516,"column":61}},"516":{"start":{"line":517,"column":0},"end":{"line":517,"column":21}},"517":{"start":{"line":518,"column":0},"end":{"line":518,"column":53}},"518":{"start":{"line":519,"column":0},"end":{"line":519,"column":25}},"519":{"start":{"line":520,"column":0},"end":{"line":520,"column":52}},"520":{"start":{"line":521,"column":0},"end":{"line":521,"column":25}},"521":{"start":{"line":522,"column":0},"end":{"line":522,"column":39}},"522":{"start":{"line":523,"column":0},"end":{"line":523,"column":21}},"523":{"start":{"line":524,"column":0},"end":{"line":524,"column":4}},"524":{"start":{"line":525,"column":0},"end":{"line":525,"column":22}},"525":{"start":{"line":526,"column":0},"end":{"line":526,"column":20}},"526":{"start":{"line":527,"column":0},"end":{"line":527,"column":51}},"527":{"start":{"line":528,"column":0},"end":{"line":528,"column":39}},"528":{"start":{"line":529,"column":0},"end":{"line":529,"column":32}},"529":{"start":{"line":530,"column":0},"end":{"line":530,"column":45}},"530":{"start":{"line":531,"column":0},"end":{"line":531,"column":25}},"531":{"start":{"line":532,"column":0},"end":{"line":532,"column":22}},"532":{"start":{"line":533,"column":0},"end":{"line":533,"column":13}},"533":{"start":{"line":534,"column":0},"end":{"line":534,"column":25}},"534":{"start":{"line":535,"column":0},"end":{"line":535,"column":42}},"535":{"start":{"line":536,"column":0},"end":{"line":536,"column":13}},"536":{"start":{"line":537,"column":0},"end":{"line":537,"column":98}},"537":{"start":{"line":538,"column":0},"end":{"line":538,"column":7}},"538":{"start":{"line":539,"column":0},"end":{"line":539,"column":9}},"539":{"start":{"line":540,"column":0},"end":{"line":540,"column":29577}},"540":{"start":{"line":541,"column":0},"end":{"line":541,"column":33}},"541":{"start":{"line":542,"column":0},"end":{"line":542,"column":4}},"542":{"start":{"line":543,"column":0},"end":{"line":543,"column":34}},"543":{"start":{"line":544,"column":0},"end":{"line":544,"column":4}},"544":{"start":{"line":545,"column":0},"end":{"line":545,"column":31}},"545":{"start":{"line":546,"column":0},"end":{"line":546,"column":4}},"546":{"start":{"line":547,"column":0},"end":{"line":547,"column":19}},"547":{"start":{"line":548,"column":0},"end":{"line":548,"column":5}},"548":{"start":{"line":549,"column":0},"end":{"line":549,"column":89}},"549":{"start":{"line":550,"column":0},"end":{"line":550,"column":38}},"550":{"start":{"line":551,"column":0},"end":{"line":551,"column":45}},"551":{"start":{"line":552,"column":0},"end":{"line":552,"column":4}},"552":{"start":{"line":553,"column":0},"end":{"line":553,"column":34}},"553":{"start":{"line":554,"column":0},"end":{"line":554,"column":4}},"554":{"start":{"line":555,"column":0},"end":{"line":555,"column":31}},"555":{"start":{"line":556,"column":0},"end":{"line":556,"column":4}},"556":{"start":{"line":557,"column":0},"end":{"line":557,"column":27}},"557":{"start":{"line":558,"column":0},"end":{"line":558,"column":29}},"558":{"start":{"line":559,"column":0},"end":{"line":559,"column":4}},"559":{"start":{"line":560,"column":0},"end":{"line":560,"column":37}},"560":{"start":{"line":561,"column":0},"end":{"line":561,"column":5}},"561":{"start":{"line":562,"column":0},"end":{"line":562,"column":89}},"562":{"start":{"line":563,"column":0},"end":{"line":563,"column":4}},"563":{"start":{"line":564,"column":0},"end":{"line":564,"column":75}},"564":{"start":{"line":565,"column":0},"end":{"line":565,"column":5}},"565":{"start":{"line":566,"column":0},"end":{"line":566,"column":4}},"566":{"start":{"line":567,"column":0},"end":{"line":567,"column":35}},"567":{"start":{"line":568,"column":0},"end":{"line":568,"column":5}},"568":{"start":{"line":569,"column":0},"end":{"line":569,"column":65}},"569":{"start":{"line":570,"column":0},"end":{"line":570,"column":5}},"570":{"start":{"line":571,"column":0},"end":{"line":571,"column":4}},"571":{"start":{"line":572,"column":0},"end":{"line":572,"column":19}},"572":{"start":{"line":573,"column":0},"end":{"line":573,"column":5}},"573":{"start":{"line":574,"column":0},"end":{"line":574,"column":45}},"574":{"start":{"line":575,"column":0},"end":{"line":575,"column":45}},"575":{"start":{"line":576,"column":0},"end":{"line":576,"column":5}},"576":{"start":{"line":577,"column":0},"end":{"line":577,"column":51200}},"577":{"start":{"line":578,"column":0},"end":{"line":578,"column":4}},"578":{"start":{"line":579,"column":0},"end":{"line":579,"column":31}},"579":{"start":{"line":580,"column":0},"end":{"line":580,"column":25}},"580":{"start":{"line":581,"column":0},"end":{"line":581,"column":4}},"581":{"start":{"line":582,"column":0},"end":{"line":582,"column":19}},"582":{"start":{"line":583,"column":0},"end":{"line":583,"column":5}},"583":{"start":{"line":584,"column":0},"end":{"line":584,"column":66}},"584":{"start":{"line":585,"column":0},"end":{"line":585,"column":5}},"585":{"start":{"line":586,"column":0},"end":{"line":586,"column":684}},"586":{"start":{"line":587,"column":0},"end":{"line":587,"column":24}},"587":{"start":{"line":588,"column":0},"end":{"line":588,"column":180}},"588":{"start":{"line":589,"column":0},"end":{"line":589,"column":147}},"589":{"start":{"line":590,"column":0},"end":{"line":590,"column":82}},"590":{"start":{"line":591,"column":0},"end":{"line":591,"column":18}},"591":{"start":{"line":592,"column":0},"end":{"line":592,"column":39}},"592":{"start":{"line":593,"column":0},"end":{"line":593,"column":4}},"593":{"start":{"line":594,"column":0},"end":{"line":594,"column":38}},"594":{"start":{"line":595,"column":0},"end":{"line":595,"column":4}},"595":{"start":{"line":596,"column":0},"end":{"line":596,"column":31}},"596":{"start":{"line":597,"column":0},"end":{"line":597,"column":4}},"597":{"start":{"line":598,"column":0},"end":{"line":598,"column":44}},"598":{"start":{"line":599,"column":0},"end":{"line":599,"column":4}},"599":{"start":{"line":600,"column":0},"end":{"line":600,"column":31}},"600":{"start":{"line":601,"column":0},"end":{"line":601,"column":33}},"601":{"start":{"line":602,"column":0},"end":{"line":602,"column":4}},"602":{"start":{"line":603,"column":0},"end":{"line":603,"column":41}},"603":{"start":{"line":604,"column":0},"end":{"line":604,"column":9}},"604":{"start":{"line":605,"column":0},"end":{"line":605,"column":93}},"605":{"start":{"line":606,"column":0},"end":{"line":606,"column":4}},"606":{"start":{"line":607,"column":0},"end":{"line":607,"column":79}},"607":{"start":{"line":608,"column":0},"end":{"line":608,"column":9}},"608":{"start":{"line":609,"column":0},"end":{"line":609,"column":4}},"609":{"start":{"line":610,"column":0},"end":{"line":610,"column":39}},"610":{"start":{"line":611,"column":0},"end":{"line":611,"column":9}},"611":{"start":{"line":612,"column":0},"end":{"line":612,"column":69}},"612":{"start":{"line":613,"column":0},"end":{"line":613,"column":9}},"613":{"start":{"line":614,"column":0},"end":{"line":614,"column":4}},"614":{"start":{"line":615,"column":0},"end":{"line":615,"column":23}},"615":{"start":{"line":616,"column":0},"end":{"line":616,"column":9}},"616":{"start":{"line":617,"column":0},"end":{"line":617,"column":49}},"617":{"start":{"line":618,"column":0},"end":{"line":618,"column":4}},"618":{"start":{"line":619,"column":0},"end":{"line":619,"column":53}},"619":{"start":{"line":620,"column":0},"end":{"line":620,"column":18}},"620":{"start":{"line":621,"column":0},"end":{"line":621,"column":31}},"621":{"start":{"line":622,"column":0},"end":{"line":622,"column":265}},"622":{"start":{"line":623,"column":0},"end":{"line":623,"column":122}},"623":{"start":{"line":624,"column":0},"end":{"line":624,"column":82}},"624":{"start":{"line":625,"column":0},"end":{"line":625,"column":2849}},"625":{"start":{"line":626,"column":0},"end":{"line":626,"column":31}},"626":{"start":{"line":627,"column":0},"end":{"line":627,"column":24}},"627":{"start":{"line":628,"column":0},"end":{"line":628,"column":25}},"628":{"start":{"line":629,"column":0},"end":{"line":629,"column":4}},"629":{"start":{"line":630,"column":0},"end":{"line":630,"column":19}},"630":{"start":{"line":631,"column":0},"end":{"line":631,"column":5}},"631":{"start":{"line":632,"column":0},"end":{"line":632,"column":52}},"632":{"start":{"line":633,"column":0},"end":{"line":633,"column":4}},"633":{"start":{"line":634,"column":0},"end":{"line":634,"column":28}},"634":{"start":{"line":635,"column":0},"end":{"line":635,"column":29}},"635":{"start":{"line":636,"column":0},"end":{"line":636,"column":19}},"636":{"start":{"line":637,"column":0},"end":{"line":637,"column":9}},"637":{"start":{"line":638,"column":0},"end":{"line":638,"column":4}},"638":{"start":{"line":639,"column":0},"end":{"line":639,"column":82}},"639":{"start":{"line":640,"column":0},"end":{"line":640,"column":24}},"640":{"start":{"line":641,"column":0},"end":{"line":641,"column":23}},"641":{"start":{"line":642,"column":0},"end":{"line":642,"column":9}},"642":{"start":{"line":643,"column":0},"end":{"line":643,"column":4}},"643":{"start":{"line":644,"column":0},"end":{"line":644,"column":20}},"644":{"start":{"line":645,"column":0},"end":{"line":645,"column":4}},"645":{"start":{"line":646,"column":0},"end":{"line":646,"column":32}},"646":{"start":{"line":647,"column":0},"end":{"line":647,"column":37}},"647":{"start":{"line":648,"column":0},"end":{"line":648,"column":37}},"648":{"start":{"line":649,"column":0},"end":{"line":649,"column":37}},"649":{"start":{"line":650,"column":0},"end":{"line":650,"column":29}},"650":{"start":{"line":651,"column":0},"end":{"line":651,"column":4}},"651":{"start":{"line":652,"column":0},"end":{"line":652,"column":32}},"652":{"start":{"line":653,"column":0},"end":{"line":653,"column":37}},"653":{"start":{"line":654,"column":0},"end":{"line":654,"column":37}},"654":{"start":{"line":655,"column":0},"end":{"line":655,"column":37}},"655":{"start":{"line":656,"column":0},"end":{"line":656,"column":29}},"656":{"start":{"line":657,"column":0},"end":{"line":657,"column":4}},"657":{"start":{"line":658,"column":0},"end":{"line":658,"column":33}},"658":{"start":{"line":659,"column":0},"end":{"line":659,"column":37}},"659":{"start":{"line":660,"column":0},"end":{"line":660,"column":37}},"660":{"start":{"line":661,"column":0},"end":{"line":661,"column":37}},"661":{"start":{"line":662,"column":0},"end":{"line":662,"column":29}},"662":{"start":{"line":663,"column":0},"end":{"line":663,"column":4}},"663":{"start":{"line":664,"column":0},"end":{"line":664,"column":33}},"664":{"start":{"line":665,"column":0},"end":{"line":665,"column":37}},"665":{"start":{"line":666,"column":0},"end":{"line":666,"column":37}},"666":{"start":{"line":667,"column":0},"end":{"line":667,"column":37}},"667":{"start":{"line":668,"column":0},"end":{"line":668,"column":29}},"668":{"start":{"line":669,"column":0},"end":{"line":669,"column":4}},"669":{"start":{"line":670,"column":0},"end":{"line":670,"column":50}},"670":{"start":{"line":671,"column":0},"end":{"line":671,"column":4}},"671":{"start":{"line":672,"column":0},"end":{"line":672,"column":35}},"672":{"start":{"line":673,"column":0},"end":{"line":673,"column":24}},"673":{"start":{"line":674,"column":0},"end":{"line":674,"column":4}},"674":{"start":{"line":675,"column":0},"end":{"line":675,"column":43}},"675":{"start":{"line":676,"column":0},"end":{"line":676,"column":5}},"676":{"start":{"line":677,"column":0},"end":{"line":677,"column":6169}},"677":{"start":{"line":678,"column":0},"end":{"line":678,"column":31}},"678":{"start":{"line":679,"column":0},"end":{"line":679,"column":4}},"679":{"start":{"line":680,"column":0},"end":{"line":680,"column":23}},"680":{"start":{"line":681,"column":0},"end":{"line":681,"column":26}},"681":{"start":{"line":682,"column":0},"end":{"line":682,"column":31}},"682":{"start":{"line":683,"column":0},"end":{"line":683,"column":33}},"683":{"start":{"line":684,"column":0},"end":{"line":684,"column":4}},"684":{"start":{"line":685,"column":0},"end":{"line":685,"column":33}},"685":{"start":{"line":686,"column":0},"end":{"line":686,"column":28}},"686":{"start":{"line":687,"column":0},"end":{"line":687,"column":4}},"687":{"start":{"line":688,"column":0},"end":{"line":688,"column":19}},"688":{"start":{"line":689,"column":0},"end":{"line":689,"column":5}},"689":{"start":{"line":690,"column":0},"end":{"line":690,"column":54}},"690":{"start":{"line":691,"column":0},"end":{"line":691,"column":4}},"691":{"start":{"line":692,"column":0},"end":{"line":692,"column":17}},"692":{"start":{"line":693,"column":0},"end":{"line":693,"column":58}},"693":{"start":{"line":694,"column":0},"end":{"line":694,"column":4}},"694":{"start":{"line":695,"column":0},"end":{"line":695,"column":134}},"695":{"start":{"line":696,"column":0},"end":{"line":696,"column":5}},"696":{"start":{"line":697,"column":0},"end":{"line":697,"column":44}},"697":{"start":{"line":698,"column":0},"end":{"line":698,"column":4}},"698":{"start":{"line":699,"column":0},"end":{"line":699,"column":34}},"699":{"start":{"line":700,"column":0},"end":{"line":700,"column":30}},"700":{"start":{"line":701,"column":0},"end":{"line":701,"column":4}},"701":{"start":{"line":702,"column":0},"end":{"line":702,"column":31}},"702":{"start":{"line":703,"column":0},"end":{"line":703,"column":30}},"703":{"start":{"line":704,"column":0},"end":{"line":704,"column":4}},"704":{"start":{"line":705,"column":0},"end":{"line":705,"column":27}},"705":{"start":{"line":706,"column":0},"end":{"line":706,"column":29}},"706":{"start":{"line":707,"column":0},"end":{"line":707,"column":4}},"707":{"start":{"line":708,"column":0},"end":{"line":708,"column":37}},"708":{"start":{"line":709,"column":0},"end":{"line":709,"column":5}},"709":{"start":{"line":710,"column":0},"end":{"line":710,"column":89}},"710":{"start":{"line":711,"column":0},"end":{"line":711,"column":4}},"711":{"start":{"line":712,"column":0},"end":{"line":712,"column":75}},"712":{"start":{"line":713,"column":0},"end":{"line":713,"column":5}},"713":{"start":{"line":714,"column":0},"end":{"line":714,"column":4}},"714":{"start":{"line":715,"column":0},"end":{"line":715,"column":35}},"715":{"start":{"line":716,"column":0},"end":{"line":716,"column":5}},"716":{"start":{"line":717,"column":0},"end":{"line":717,"column":65}},"717":{"start":{"line":718,"column":0},"end":{"line":718,"column":5}},"718":{"start":{"line":719,"column":0},"end":{"line":719,"column":4}},"719":{"start":{"line":720,"column":0},"end":{"line":720,"column":19}},"720":{"start":{"line":721,"column":0},"end":{"line":721,"column":5}},"721":{"start":{"line":722,"column":0},"end":{"line":722,"column":45}},"722":{"start":{"line":723,"column":0},"end":{"line":723,"column":45}},"723":{"start":{"line":724,"column":0},"end":{"line":724,"column":72}},"724":{"start":{"line":725,"column":0},"end":{"line":725,"column":5}},"725":{"start":{"line":726,"column":0},"end":{"line":726,"column":931}},"726":{"start":{"line":727,"column":0},"end":{"line":727,"column":25}},"727":{"start":{"line":728,"column":0},"end":{"line":728,"column":25}},"728":{"start":{"line":729,"column":0},"end":{"line":729,"column":25}},"729":{"start":{"line":730,"column":0},"end":{"line":730,"column":24}},"730":{"start":{"line":731,"column":0},"end":{"line":731,"column":4}},"731":{"start":{"line":732,"column":0},"end":{"line":732,"column":28}},"732":{"start":{"line":733,"column":0},"end":{"line":733,"column":31}},"733":{"start":{"line":734,"column":0},"end":{"line":734,"column":33}},"734":{"start":{"line":735,"column":0},"end":{"line":735,"column":4}},"735":{"start":{"line":736,"column":0},"end":{"line":736,"column":4}},"736":{"start":{"line":737,"column":0},"end":{"line":737,"column":7}},"737":{"start":{"line":738,"column":0},"end":{"line":738,"column":72}},"738":{"start":{"line":739,"column":0},"end":{"line":739,"column":68}},"739":{"start":{"line":740,"column":0},"end":{"line":740,"column":26}},"740":{"start":{"line":741,"column":0},"end":{"line":741,"column":4}},"741":{"start":{"line":742,"column":0},"end":{"line":742,"column":7}},"742":{"start":{"line":743,"column":0},"end":{"line":743,"column":4}},"743":{"start":{"line":744,"column":0},"end":{"line":744,"column":10}},"744":{"start":{"line":745,"column":0},"end":{"line":745,"column":49}},"745":{"start":{"line":746,"column":0},"end":{"line":746,"column":4}},"746":{"start":{"line":747,"column":0},"end":{"line":747,"column":42}},"747":{"start":{"line":748,"column":0},"end":{"line":748,"column":4}},"748":{"start":{"line":749,"column":0},"end":{"line":749,"column":26}},"749":{"start":{"line":750,"column":0},"end":{"line":750,"column":4}},"750":{"start":{"line":751,"column":0},"end":{"line":751,"column":71}},"751":{"start":{"line":752,"column":0},"end":{"line":752,"column":75}},"752":{"start":{"line":753,"column":0},"end":{"line":753,"column":9}},"753":{"start":{"line":754,"column":0},"end":{"line":754,"column":4}},"754":{"start":{"line":755,"column":0},"end":{"line":755,"column":69}},"755":{"start":{"line":756,"column":0},"end":{"line":756,"column":66}},"756":{"start":{"line":757,"column":0},"end":{"line":757,"column":4}},"757":{"start":{"line":758,"column":0},"end":{"line":758,"column":62}},"758":{"start":{"line":759,"column":0},"end":{"line":759,"column":64}},"759":{"start":{"line":760,"column":0},"end":{"line":760,"column":68}},"760":{"start":{"line":761,"column":0},"end":{"line":761,"column":27}},"761":{"start":{"line":762,"column":0},"end":{"line":762,"column":4}},"762":{"start":{"line":763,"column":0},"end":{"line":763,"column":66}},"763":{"start":{"line":764,"column":0},"end":{"line":764,"column":65}},"764":{"start":{"line":765,"column":0},"end":{"line":765,"column":30}},"765":{"start":{"line":766,"column":0},"end":{"line":766,"column":4}},"766":{"start":{"line":767,"column":0},"end":{"line":767,"column":72}},"767":{"start":{"line":768,"column":0},"end":{"line":768,"column":70}},"768":{"start":{"line":769,"column":0},"end":{"line":769,"column":74}},"769":{"start":{"line":770,"column":0},"end":{"line":770,"column":73}},"770":{"start":{"line":771,"column":0},"end":{"line":771,"column":74}},"771":{"start":{"line":772,"column":0},"end":{"line":772,"column":69}},"772":{"start":{"line":773,"column":0},"end":{"line":773,"column":74}},"773":{"start":{"line":774,"column":0},"end":{"line":774,"column":74}},"774":{"start":{"line":775,"column":0},"end":{"line":775,"column":72}},"775":{"start":{"line":776,"column":0},"end":{"line":776,"column":74}},"776":{"start":{"line":777,"column":0},"end":{"line":777,"column":73}},"777":{"start":{"line":778,"column":0},"end":{"line":778,"column":7}},"778":{"start":{"line":779,"column":0},"end":{"line":779,"column":4}},"779":{"start":{"line":780,"column":0},"end":{"line":780,"column":27}},"780":{"start":{"line":781,"column":0},"end":{"line":781,"column":42}},"781":{"start":{"line":782,"column":0},"end":{"line":782,"column":10}},"782":{"start":{"line":783,"column":0},"end":{"line":783,"column":27}},"783":{"start":{"line":784,"column":0},"end":{"line":784,"column":41}},"784":{"start":{"line":785,"column":0},"end":{"line":785,"column":10}},"785":{"start":{"line":786,"column":0},"end":{"line":786,"column":25}},"786":{"start":{"line":787,"column":0},"end":{"line":787,"column":33}},"787":{"start":{"line":788,"column":0},"end":{"line":788,"column":10}},"788":{"start":{"line":789,"column":0},"end":{"line":789,"column":4}},"789":{"start":{"line":790,"column":0},"end":{"line":790,"column":51}},"790":{"start":{"line":791,"column":0},"end":{"line":791,"column":39}},"791":{"start":{"line":792,"column":0},"end":{"line":792,"column":60}},"792":{"start":{"line":793,"column":0},"end":{"line":793,"column":41}},"793":{"start":{"line":794,"column":0},"end":{"line":794,"column":41}},"794":{"start":{"line":795,"column":0},"end":{"line":795,"column":28}},"795":{"start":{"line":796,"column":0},"end":{"line":796,"column":19}},"796":{"start":{"line":797,"column":0},"end":{"line":797,"column":49}},"797":{"start":{"line":798,"column":0},"end":{"line":798,"column":49}},"798":{"start":{"line":799,"column":0},"end":{"line":799,"column":49}},"799":{"start":{"line":800,"column":0},"end":{"line":800,"column":49}},"800":{"start":{"line":801,"column":0},"end":{"line":801,"column":47}},"801":{"start":{"line":802,"column":0},"end":{"line":802,"column":34}},"802":{"start":{"line":803,"column":0},"end":{"line":803,"column":46}},"803":{"start":{"line":804,"column":0},"end":{"line":804,"column":40}},"804":{"start":{"line":805,"column":0},"end":{"line":805,"column":40}},"805":{"start":{"line":806,"column":0},"end":{"line":806,"column":40}},"806":{"start":{"line":807,"column":0},"end":{"line":807,"column":40}},"807":{"start":{"line":808,"column":0},"end":{"line":808,"column":40}},"808":{"start":{"line":809,"column":0},"end":{"line":809,"column":82}},"809":{"start":{"line":810,"column":0},"end":{"line":810,"column":82}},"810":{"start":{"line":811,"column":0},"end":{"line":811,"column":4}},"811":{"start":{"line":812,"column":0},"end":{"line":812,"column":25}},"812":{"start":{"line":813,"column":0},"end":{"line":813,"column":57}},"813":{"start":{"line":814,"column":0},"end":{"line":814,"column":57}},"814":{"start":{"line":815,"column":0},"end":{"line":815,"column":4}},"815":{"start":{"line":816,"column":0},"end":{"line":816,"column":67}},"816":{"start":{"line":817,"column":0},"end":{"line":817,"column":73}},"817":{"start":{"line":818,"column":0},"end":{"line":818,"column":4}},"818":{"start":{"line":819,"column":0},"end":{"line":819,"column":74}},"819":{"start":{"line":820,"column":0},"end":{"line":820,"column":53}},"820":{"start":{"line":821,"column":0},"end":{"line":821,"column":59}},"821":{"start":{"line":822,"column":0},"end":{"line":822,"column":52}},"822":{"start":{"line":823,"column":0},"end":{"line":823,"column":4}},"823":{"start":{"line":824,"column":0},"end":{"line":824,"column":27}},"824":{"start":{"line":825,"column":0},"end":{"line":825,"column":96}},"825":{"start":{"line":826,"column":0},"end":{"line":826,"column":96}},"826":{"start":{"line":827,"column":0},"end":{"line":827,"column":41}},"827":{"start":{"line":828,"column":0},"end":{"line":828,"column":97}},"828":{"start":{"line":829,"column":0},"end":{"line":829,"column":96}},"829":{"start":{"line":830,"column":0},"end":{"line":830,"column":4}},"830":{"start":{"line":831,"column":0},"end":{"line":831,"column":38}},"831":{"start":{"line":832,"column":0},"end":{"line":832,"column":51}},"832":{"start":{"line":833,"column":0},"end":{"line":833,"column":43}},"833":{"start":{"line":834,"column":0},"end":{"line":834,"column":12}},"834":{"start":{"line":835,"column":0},"end":{"line":835,"column":43}},"835":{"start":{"line":836,"column":0},"end":{"line":836,"column":21}},"836":{"start":{"line":837,"column":0},"end":{"line":837,"column":5}},"837":{"start":{"line":838,"column":0},"end":{"line":838,"column":4}},"838":{"start":{"line":839,"column":0},"end":{"line":839,"column":17}},"839":{"start":{"line":840,"column":0},"end":{"line":840,"column":4}},"840":{"start":{"line":841,"column":0},"end":{"line":841,"column":21}},"841":{"start":{"line":842,"column":0},"end":{"line":842,"column":4}},"842":{"start":{"line":843,"column":0},"end":{"line":843,"column":103}},"843":{"start":{"line":844,"column":0},"end":{"line":844,"column":4}},"844":{"start":{"line":845,"column":0},"end":{"line":845,"column":31}},"845":{"start":{"line":846,"column":0},"end":{"line":846,"column":5}},"846":{"start":{"line":847,"column":0},"end":{"line":847,"column":13}},"847":{"start":{"line":848,"column":0},"end":{"line":848,"column":35}},"848":{"start":{"line":849,"column":0},"end":{"line":849,"column":4}},"849":{"start":{"line":850,"column":0},"end":{"line":850,"column":34}},"850":{"start":{"line":851,"column":0},"end":{"line":851,"column":4}},"851":{"start":{"line":852,"column":0},"end":{"line":852,"column":25}},"852":{"start":{"line":853,"column":0},"end":{"line":853,"column":25}},"853":{"start":{"line":854,"column":0},"end":{"line":854,"column":25}},"854":{"start":{"line":855,"column":0},"end":{"line":855,"column":25}},"855":{"start":{"line":856,"column":0},"end":{"line":856,"column":24}},"856":{"start":{"line":857,"column":0},"end":{"line":857,"column":4}},"857":{"start":{"line":858,"column":0},"end":{"line":858,"column":28}},"858":{"start":{"line":859,"column":0},"end":{"line":859,"column":4}},"859":{"start":{"line":860,"column":0},"end":{"line":860,"column":27}},"860":{"start":{"line":861,"column":0},"end":{"line":861,"column":29}},"861":{"start":{"line":862,"column":0},"end":{"line":862,"column":4}},"862":{"start":{"line":863,"column":0},"end":{"line":863,"column":37}},"863":{"start":{"line":864,"column":0},"end":{"line":864,"column":5}},"864":{"start":{"line":865,"column":0},"end":{"line":865,"column":89}},"865":{"start":{"line":866,"column":0},"end":{"line":866,"column":4}},"866":{"start":{"line":867,"column":0},"end":{"line":867,"column":75}},"867":{"start":{"line":868,"column":0},"end":{"line":868,"column":5}},"868":{"start":{"line":869,"column":0},"end":{"line":869,"column":4}},"869":{"start":{"line":870,"column":0},"end":{"line":870,"column":50}},"870":{"start":{"line":871,"column":0},"end":{"line":871,"column":54}},"871":{"start":{"line":872,"column":0},"end":{"line":872,"column":54}},"872":{"start":{"line":873,"column":0},"end":{"line":873,"column":37}},"873":{"start":{"line":874,"column":0},"end":{"line":874,"column":61}},"874":{"start":{"line":875,"column":0},"end":{"line":875,"column":60}},"875":{"start":{"line":876,"column":0},"end":{"line":876,"column":60}},"876":{"start":{"line":877,"column":0},"end":{"line":877,"column":59}},"877":{"start":{"line":878,"column":0},"end":{"line":878,"column":45}},"878":{"start":{"line":879,"column":0},"end":{"line":879,"column":5}},"879":{"start":{"line":880,"column":0},"end":{"line":880,"column":4}},"880":{"start":{"line":881,"column":0},"end":{"line":881,"column":21}},"881":{"start":{"line":882,"column":0},"end":{"line":882,"column":4}},"882":{"start":{"line":883,"column":0},"end":{"line":883,"column":44}},"883":{"start":{"line":884,"column":0},"end":{"line":884,"column":4}},"884":{"start":{"line":885,"column":0},"end":{"line":885,"column":53}},"885":{"start":{"line":886,"column":0},"end":{"line":886,"column":4}},"886":{"start":{"line":887,"column":0},"end":{"line":887,"column":87}},"887":{"start":{"line":888,"column":0},"end":{"line":888,"column":5}},"888":{"start":{"line":889,"column":0},"end":{"line":889,"column":95}},"889":{"start":{"line":890,"column":0},"end":{"line":890,"column":4}},"890":{"start":{"line":891,"column":0},"end":{"line":891,"column":31}},"891":{"start":{"line":892,"column":0},"end":{"line":892,"column":24}},"892":{"start":{"line":893,"column":0},"end":{"line":893,"column":4}},"893":{"start":{"line":894,"column":0},"end":{"line":894,"column":25}},"894":{"start":{"line":895,"column":0},"end":{"line":895,"column":24}},"895":{"start":{"line":896,"column":0},"end":{"line":896,"column":31}},"896":{"start":{"line":897,"column":0},"end":{"line":897,"column":4}},"897":{"start":{"line":898,"column":0},"end":{"line":898,"column":23}},"898":{"start":{"line":899,"column":0},"end":{"line":899,"column":5}},"899":{"start":{"line":900,"column":0},"end":{"line":900,"column":74}},"900":{"start":{"line":901,"column":0},"end":{"line":901,"column":5}},"901":{"start":{"line":902,"column":0},"end":{"line":902,"column":4}},"902":{"start":{"line":903,"column":0},"end":{"line":903,"column":15}},"903":{"start":{"line":904,"column":0},"end":{"line":904,"column":5}},"904":{"start":{"line":905,"column":0},"end":{"line":905,"column":56}},"905":{"start":{"line":906,"column":0},"end":{"line":906,"column":58}},"906":{"start":{"line":907,"column":0},"end":{"line":907,"column":50}},"907":{"start":{"line":908,"column":0},"end":{"line":908,"column":4}},"908":{"start":{"line":909,"column":0},"end":{"line":909,"column":82}},"909":{"start":{"line":910,"column":0},"end":{"line":910,"column":28}},"910":{"start":{"line":911,"column":0},"end":{"line":911,"column":33}},"911":{"start":{"line":912,"column":0},"end":{"line":912,"column":9}},"912":{"start":{"line":913,"column":0},"end":{"line":913,"column":4}},"913":{"start":{"line":914,"column":0},"end":{"line":914,"column":24}},"914":{"start":{"line":915,"column":0},"end":{"line":915,"column":24}},"915":{"start":{"line":916,"column":0},"end":{"line":916,"column":24}},"916":{"start":{"line":917,"column":0},"end":{"line":917,"column":4}},"917":{"start":{"line":918,"column":0},"end":{"line":918,"column":35}},"918":{"start":{"line":919,"column":0},"end":{"line":919,"column":29}},"919":{"start":{"line":920,"column":0},"end":{"line":920,"column":4}},"920":{"start":{"line":921,"column":0},"end":{"line":921,"column":29}},"921":{"start":{"line":922,"column":0},"end":{"line":922,"column":5}},"922":{"start":{"line":923,"column":0},"end":{"line":923,"column":46209}},"923":{"start":{"line":924,"column":0},"end":{"line":924,"column":956}},"924":{"start":{"line":925,"column":0},"end":{"line":925,"column":177}},"925":{"start":{"line":926,"column":0},"end":{"line":926,"column":231}},"926":{"start":{"line":927,"column":0},"end":{"line":927,"column":117}},"927":{"start":{"line":928,"column":0},"end":{"line":928,"column":10}},"928":{"start":{"line":929,"column":0},"end":{"line":929,"column":17}},"929":{"start":{"line":930,"column":0},"end":{"line":930,"column":64}},"930":{"start":{"line":931,"column":0},"end":{"line":931,"column":506}},"931":{"start":{"line":932,"column":0},"end":{"line":932,"column":2945}},"932":{"start":{"line":933,"column":0},"end":{"line":933,"column":77356}},"933":{"start":{"line":934,"column":0},"end":{"line":934,"column":24}},"934":{"start":{"line":935,"column":0},"end":{"line":935,"column":4}},"935":{"start":{"line":936,"column":0},"end":{"line":936,"column":31}},"936":{"start":{"line":937,"column":0},"end":{"line":937,"column":4}},"937":{"start":{"line":938,"column":0},"end":{"line":938,"column":19}},"938":{"start":{"line":939,"column":0},"end":{"line":939,"column":5}},"939":{"start":{"line":940,"column":0},"end":{"line":940,"column":67}},"940":{"start":{"line":941,"column":0},"end":{"line":941,"column":5}},"941":{"start":{"line":942,"column":0},"end":{"line":942,"column":44}},"942":{"start":{"line":943,"column":0},"end":{"line":943,"column":33}},"943":{"start":{"line":944,"column":0},"end":{"line":944,"column":4}},"944":{"start":{"line":945,"column":0},"end":{"line":945,"column":34}},"945":{"start":{"line":946,"column":0},"end":{"line":946,"column":35}},"946":{"start":{"line":947,"column":0},"end":{"line":947,"column":32}},"947":{"start":{"line":948,"column":0},"end":{"line":948,"column":4}},"948":{"start":{"line":949,"column":0},"end":{"line":949,"column":31}},"949":{"start":{"line":950,"column":0},"end":{"line":950,"column":4}},"950":{"start":{"line":951,"column":0},"end":{"line":951,"column":19}},"951":{"start":{"line":952,"column":0},"end":{"line":952,"column":5}},"952":{"start":{"line":953,"column":0},"end":{"line":953,"column":109}},"953":{"start":{"line":954,"column":0},"end":{"line":954,"column":4}},"954":{"start":{"line":955,"column":0},"end":{"line":955,"column":71}},"955":{"start":{"line":956,"column":0},"end":{"line":956,"column":5}},"956":{"start":{"line":957,"column":0},"end":{"line":957,"column":13714}},"957":{"start":{"line":958,"column":0},"end":{"line":958,"column":24}},"958":{"start":{"line":959,"column":0},"end":{"line":959,"column":4}},"959":{"start":{"line":960,"column":0},"end":{"line":960,"column":31}},"960":{"start":{"line":961,"column":0},"end":{"line":961,"column":4}},"961":{"start":{"line":962,"column":0},"end":{"line":962,"column":20}},"962":{"start":{"line":963,"column":0},"end":{"line":963,"column":65}},"963":{"start":{"line":964,"column":0},"end":{"line":964,"column":29}},"964":{"start":{"line":965,"column":0},"end":{"line":965,"column":45}},"965":{"start":{"line":966,"column":0},"end":{"line":966,"column":33}},"966":{"start":{"line":967,"column":0},"end":{"line":967,"column":26}},"967":{"start":{"line":968,"column":0},"end":{"line":968,"column":4}},"968":{"start":{"line":969,"column":0},"end":{"line":969,"column":34}},"969":{"start":{"line":970,"column":0},"end":{"line":970,"column":30}},"970":{"start":{"line":971,"column":0},"end":{"line":971,"column":4}},"971":{"start":{"line":972,"column":0},"end":{"line":972,"column":35}},"972":{"start":{"line":973,"column":0},"end":{"line":973,"column":24}},"973":{"start":{"line":974,"column":0},"end":{"line":974,"column":4}},"974":{"start":{"line":975,"column":0},"end":{"line":975,"column":31}},"975":{"start":{"line":976,"column":0},"end":{"line":976,"column":24}},"976":{"start":{"line":977,"column":0},"end":{"line":977,"column":4}},"977":{"start":{"line":978,"column":0},"end":{"line":978,"column":20}},"978":{"start":{"line":979,"column":0},"end":{"line":979,"column":94}},"979":{"start":{"line":980,"column":0},"end":{"line":980,"column":94}},"980":{"start":{"line":981,"column":0},"end":{"line":981,"column":4}},"981":{"start":{"line":982,"column":0},"end":{"line":982,"column":28}},"982":{"start":{"line":983,"column":0},"end":{"line":983,"column":31}},"983":{"start":{"line":984,"column":0},"end":{"line":984,"column":4}},"984":{"start":{"line":985,"column":0},"end":{"line":985,"column":76}},"985":{"start":{"line":986,"column":0},"end":{"line":986,"column":4}},"986":{"start":{"line":987,"column":0},"end":{"line":987,"column":38}},"987":{"start":{"line":988,"column":0},"end":{"line":988,"column":33}},"988":{"start":{"line":989,"column":0},"end":{"line":989,"column":5}},"989":{"start":{"line":990,"column":0},"end":{"line":990,"column":4166}},"990":{"start":{"line":991,"column":0},"end":{"line":991,"column":3001}},"991":{"start":{"line":992,"column":0},"end":{"line":992,"column":52}},"992":{"start":{"line":993,"column":0},"end":{"line":993,"column":11}},"993":{"start":{"line":994,"column":0},"end":{"line":994,"column":2645}},"994":{"start":{"line":995,"column":0},"end":{"line":995,"column":23906}},"995":{"start":{"line":996,"column":0},"end":{"line":996,"column":41}},"996":{"start":{"line":997,"column":0},"end":{"line":997,"column":4}},"997":{"start":{"line":998,"column":0},"end":{"line":998,"column":25}},"998":{"start":{"line":999,"column":0},"end":{"line":999,"column":4}},"999":{"start":{"line":1000,"column":0},"end":{"line":1000,"column":26}},"1000":{"start":{"line":1001,"column":0},"end":{"line":1001,"column":4}},"1001":{"start":{"line":1002,"column":0},"end":{"line":1002,"column":27}},"1002":{"start":{"line":1003,"column":0},"end":{"line":1003,"column":4}},"1003":{"start":{"line":1004,"column":0},"end":{"line":1004,"column":31}},"1004":{"start":{"line":1005,"column":0},"end":{"line":1005,"column":24}},"1005":{"start":{"line":1006,"column":0},"end":{"line":1006,"column":27}},"1006":{"start":{"line":1007,"column":0},"end":{"line":1007,"column":29}},"1007":{"start":{"line":1008,"column":0},"end":{"line":1008,"column":30}},"1008":{"start":{"line":1009,"column":0},"end":{"line":1009,"column":4}},"1009":{"start":{"line":1010,"column":0},"end":{"line":1010,"column":19}},"1010":{"start":{"line":1011,"column":0},"end":{"line":1011,"column":5}},"1011":{"start":{"line":1012,"column":0},"end":{"line":1012,"column":72}},"1012":{"start":{"line":1013,"column":0},"end":{"line":1013,"column":50}},"1013":{"start":{"line":1014,"column":0},"end":{"line":1014,"column":31}},"1014":{"start":{"line":1015,"column":0},"end":{"line":1015,"column":61}},"1015":{"start":{"line":1016,"column":0},"end":{"line":1016,"column":4}},"1016":{"start":{"line":1017,"column":0},"end":{"line":1017,"column":126}},"1017":{"start":{"line":1018,"column":0},"end":{"line":1018,"column":4}},"1018":{"start":{"line":1019,"column":0},"end":{"line":1019,"column":43}},"1019":{"start":{"line":1020,"column":0},"end":{"line":1020,"column":5}},"1020":{"start":{"line":1021,"column":0},"end":{"line":1021,"column":28}},"1021":{"start":{"line":1022,"column":0},"end":{"line":1022,"column":41}},"1022":{"start":{"line":1023,"column":0},"end":{"line":1023,"column":4}},"1023":{"start":{"line":1024,"column":0},"end":{"line":1024,"column":25}},"1024":{"start":{"line":1025,"column":0},"end":{"line":1025,"column":4}},"1025":{"start":{"line":1026,"column":0},"end":{"line":1026,"column":28}},"1026":{"start":{"line":1027,"column":0},"end":{"line":1027,"column":26}},"1027":{"start":{"line":1028,"column":0},"end":{"line":1028,"column":4}},"1028":{"start":{"line":1029,"column":0},"end":{"line":1029,"column":34}},"1029":{"start":{"line":1030,"column":0},"end":{"line":1030,"column":35}},"1030":{"start":{"line":1031,"column":0},"end":{"line":1031,"column":28}},"1031":{"start":{"line":1032,"column":0},"end":{"line":1032,"column":4}},"1032":{"start":{"line":1033,"column":0},"end":{"line":1033,"column":27}},"1033":{"start":{"line":1034,"column":0},"end":{"line":1034,"column":4}},"1034":{"start":{"line":1035,"column":0},"end":{"line":1035,"column":19}},"1035":{"start":{"line":1036,"column":0},"end":{"line":1036,"column":5}},"1036":{"start":{"line":1037,"column":0},"end":{"line":1037,"column":109}},"1037":{"start":{"line":1038,"column":0},"end":{"line":1038,"column":4}},"1038":{"start":{"line":1039,"column":0},"end":{"line":1039,"column":67}},"1039":{"start":{"line":1040,"column":0},"end":{"line":1040,"column":5}},"1040":{"start":{"line":1041,"column":0},"end":{"line":1041,"column":25}},"1041":{"start":{"line":1042,"column":0},"end":{"line":1042,"column":36}},"1042":{"start":{"line":1043,"column":0},"end":{"line":1043,"column":53}},"1043":{"start":{"line":1044,"column":0},"end":{"line":1044,"column":10}},"1044":{"start":{"line":1045,"column":0},"end":{"line":1045,"column":41}},"1045":{"start":{"line":1046,"column":0},"end":{"line":1046,"column":4}},"1046":{"start":{"line":1047,"column":0},"end":{"line":1047,"column":25}},"1047":{"start":{"line":1048,"column":0},"end":{"line":1048,"column":4}},"1048":{"start":{"line":1049,"column":0},"end":{"line":1049,"column":31}},"1049":{"start":{"line":1050,"column":0},"end":{"line":1050,"column":4}},"1050":{"start":{"line":1051,"column":0},"end":{"line":1051,"column":31}},"1051":{"start":{"line":1052,"column":0},"end":{"line":1052,"column":24}},"1052":{"start":{"line":1053,"column":0},"end":{"line":1053,"column":27}},"1053":{"start":{"line":1054,"column":0},"end":{"line":1054,"column":29}},"1054":{"start":{"line":1055,"column":0},"end":{"line":1055,"column":30}},"1055":{"start":{"line":1056,"column":0},"end":{"line":1056,"column":4}},"1056":{"start":{"line":1057,"column":0},"end":{"line":1057,"column":19}},"1057":{"start":{"line":1058,"column":0},"end":{"line":1058,"column":5}},"1058":{"start":{"line":1059,"column":0},"end":{"line":1059,"column":72}},"1059":{"start":{"line":1060,"column":0},"end":{"line":1060,"column":50}},"1060":{"start":{"line":1061,"column":0},"end":{"line":1061,"column":31}},"1061":{"start":{"line":1062,"column":0},"end":{"line":1062,"column":61}},"1062":{"start":{"line":1063,"column":0},"end":{"line":1063,"column":4}},"1063":{"start":{"line":1064,"column":0},"end":{"line":1064,"column":40}},"1064":{"start":{"line":1065,"column":0},"end":{"line":1065,"column":47}},"1065":{"start":{"line":1066,"column":0},"end":{"line":1066,"column":45}},"1066":{"start":{"line":1067,"column":0},"end":{"line":1067,"column":54}},"1067":{"start":{"line":1068,"column":0},"end":{"line":1068,"column":13}},"1068":{"start":{"line":1069,"column":0},"end":{"line":1069,"column":56}},"1069":{"start":{"line":1070,"column":0},"end":{"line":1070,"column":14}},"1070":{"start":{"line":1071,"column":0},"end":{"line":1071,"column":4}},"1071":{"start":{"line":1072,"column":0},"end":{"line":1072,"column":42}},"1072":{"start":{"line":1073,"column":0},"end":{"line":1073,"column":5}},"1073":{"start":{"line":1074,"column":0},"end":{"line":1074,"column":25}},"1074":{"start":{"line":1075,"column":0},"end":{"line":1075,"column":41}},"1075":{"start":{"line":1076,"column":0},"end":{"line":1076,"column":4}},"1076":{"start":{"line":1077,"column":0},"end":{"line":1077,"column":25}},"1077":{"start":{"line":1078,"column":0},"end":{"line":1078,"column":4}},"1078":{"start":{"line":1079,"column":0},"end":{"line":1079,"column":35}},"1079":{"start":{"line":1080,"column":0},"end":{"line":1080,"column":33}},"1080":{"start":{"line":1081,"column":0},"end":{"line":1081,"column":4}},"1081":{"start":{"line":1082,"column":0},"end":{"line":1082,"column":34}},"1082":{"start":{"line":1083,"column":0},"end":{"line":1083,"column":35}},"1083":{"start":{"line":1084,"column":0},"end":{"line":1084,"column":28}},"1084":{"start":{"line":1085,"column":0},"end":{"line":1085,"column":4}},"1085":{"start":{"line":1086,"column":0},"end":{"line":1086,"column":31}},"1086":{"start":{"line":1087,"column":0},"end":{"line":1087,"column":4}},"1087":{"start":{"line":1088,"column":0},"end":{"line":1088,"column":19}},"1088":{"start":{"line":1089,"column":0},"end":{"line":1089,"column":5}},"1089":{"start":{"line":1090,"column":0},"end":{"line":1090,"column":109}},"1090":{"start":{"line":1091,"column":0},"end":{"line":1091,"column":4}},"1091":{"start":{"line":1092,"column":0},"end":{"line":1092,"column":67}},"1092":{"start":{"line":1093,"column":0},"end":{"line":1093,"column":5}},"1093":{"start":{"line":1094,"column":0},"end":{"line":1094,"column":25}},"1094":{"start":{"line":1095,"column":0},"end":{"line":1095,"column":48}},"1095":{"start":{"line":1096,"column":0},"end":{"line":1096,"column":4}},"1096":{"start":{"line":1097,"column":0},"end":{"line":1097,"column":25}},"1097":{"start":{"line":1098,"column":0},"end":{"line":1098,"column":4}},"1098":{"start":{"line":1099,"column":0},"end":{"line":1099,"column":31}},"1099":{"start":{"line":1100,"column":0},"end":{"line":1100,"column":4}},"1100":{"start":{"line":1101,"column":0},"end":{"line":1101,"column":31}},"1101":{"start":{"line":1102,"column":0},"end":{"line":1102,"column":24}},"1102":{"start":{"line":1103,"column":0},"end":{"line":1103,"column":4}},"1103":{"start":{"line":1104,"column":0},"end":{"line":1104,"column":19}},"1104":{"start":{"line":1105,"column":0},"end":{"line":1105,"column":5}},"1105":{"start":{"line":1106,"column":0},"end":{"line":1106,"column":60}},"1106":{"start":{"line":1107,"column":0},"end":{"line":1107,"column":42}},"1107":{"start":{"line":1108,"column":0},"end":{"line":1108,"column":5}},"1108":{"start":{"line":1109,"column":0},"end":{"line":1109,"column":18576}},"1109":{"start":{"line":1110,"column":0},"end":{"line":1110,"column":33}},"1110":{"start":{"line":1111,"column":0},"end":{"line":1111,"column":33}},"1111":{"start":{"line":1112,"column":0},"end":{"line":1112,"column":6}},"1112":{"start":{"line":1113,"column":0},"end":{"line":1113,"column":13}},"1113":{"start":{"line":1114,"column":0},"end":{"line":1114,"column":26}},"1114":{"start":{"line":1115,"column":0},"end":{"line":1115,"column":6}},"1115":{"start":{"line":1116,"column":0},"end":{"line":1116,"column":88}},"1116":{"start":{"line":1117,"column":0},"end":{"line":1117,"column":28}},"1117":{"start":{"line":1118,"column":0},"end":{"line":1118,"column":6}},"1118":{"start":{"line":1119,"column":0},"end":{"line":1119,"column":23}},"1119":{"start":{"line":1120,"column":0},"end":{"line":1120,"column":6}},"1120":{"start":{"line":1121,"column":0},"end":{"line":1121,"column":76}},"1121":{"start":{"line":1122,"column":0},"end":{"line":1122,"column":59}},"1122":{"start":{"line":1123,"column":0},"end":{"line":1123,"column":6}},"1123":{"start":{"line":1124,"column":0},"end":{"line":1124,"column":15}},"1124":{"start":{"line":1125,"column":0},"end":{"line":1125,"column":61}},"1125":{"start":{"line":1126,"column":0},"end":{"line":1126,"column":70}},"1126":{"start":{"line":1127,"colu
[...]
":{"line":116,"column":60}},"116":{"start":{"line":117,"column":0},"end":{"line":117,"column":13}},"117":{"start":{"line":118,"column":0},"end":{"line":118,"column":9}},"118":{"start":{"line":119,"column":0},"end":{"line":119,"column":39}},"120":{"start":{"line":121,"column":0},"end":{"line":121,"column":70}},"121":{"start":{"line":122,"column":0},"end":{"line":122,"column":9}},"122":{"start":{"line":123,"column":0},"end":{"line":123,"column":11}},"123":{"start":{"line":124,"column":0},"end":{"line":124,"column":28}},"124":{"start":{"line":125,"column":0},"end":{"line":125,"column":19}},"125":{"start":{"line":126,"column":0},"end":{"line":126,"column":53}},"126":{"start":{"line":127,"column":0},"end":{"line":127,"column":81}},"127":{"start":{"line":128,"column":0},"end":{"line":128,"column":22}},"128":{"start":{"line":129,"column":0},"end":{"line":129,"column":20}},"129":{"start":{"line":130,"column":0},"end":{"line":130,"column":53}},"130":{"start":{"line":131,"column":0},"end":{"line":131,"column":81}},"131":{"start":{"line":132,"column":0},"end":{"line":132,"column":22}},"132":{"start":{"line":133,"column":0},"end":{"line":133,"column":19}},"133":{"start":{"line":134,"column":0},"end":{"line":134,"column":81}},"134":{"start":{"line":135,"column":0},"end":{"line":135,"column":53}},"135":{"start":{"line":136,"column":0},"end":{"line":136,"column":22}},"136":{"start":{"line":137,"column":0},"end":{"line":137,"column":19}},"137":{"start":{"line":138,"column":0},"end":{"line":138,"column":81}},"138":{"start":{"line":139,"column":0},"end":{"line":139,"column":53}},"139":{"start":{"line":140,"column":0},"end":{"line":140,"column":22}},"140":{"start":{"line":141,"column":0},"end":{"line":141,"column":9}},"142":{"start":{"line":143,"column":0},"end":{"line":143,"column":53}},"143":{"start":{"line":144,"column":0},"end":{"line":144,"column":55}},"144":{"start":{"line":145,"column":0},"end":{"line":145,"column":5}},"146":{"start":{"line":147,"column":0},"end":{"line":147,"column":1}},"147":{"start":{"line":148,"column":0},"end":{"line":148,"column":1}}},"s":{"0":0,"2":0,"3":0,"15":0,"17":0,"18":0,"19":0,"20":0,"21":0,"22":0,"24":0,"26":0,"28":0,"29":0,"30":0,"31":0,"33":0,"34":0,"35":0,"36":0,"37":0,"38":0,"40":0,"41":0,"42":0,"43":0,"44":0,"45":0,"47":0,"48":0,"49":0,"50":0,"52":0,"53":0,"55":0,"56":0,"57":0,"58":0,"60":0,"61":0,"62":0,"63":0,"64":0,"65":0,"66":0,"67":0,"68":0,"69":0,"70":0,"71":0,"72":0,"73":0,"74":0,"75":0,"76":0,"77":0,"78":0,"79":0,"80":0,"83":0,"85":0,"86":0,"87":0,"88":0,"89":0,"90":0,"91":0,"92":0,"94":0,"95":0,"96":0,"98":0,"100":0,"101":0,"102":0,"104":0,"106":0,"107":0,"109":0,"110":0,"111":0,"112":0,"114":0,"115":0,"116":0,"117":0,"118":0,"120":0,"121":0,"122":0,"123":0,"124":0,"125":0,"126":0,"127":0,"128":0,"129":0,"130":0,"131":0,"132":0,"133":0,"134":0,"135":0,"136":0,"137":0,"138":0,"139":0,"140":0,"142":0,"143":0,"144":0,"146":0,"147":0},"branchMap":{"0":{"type":"branch","line":1,"loc":{"start":{"line":1,"column":5095},"end":{"line":148,"column":1}},"locations":[{"start":{"line":1,"column":5095},"end":{"line":148,"column":1}}]}},"b":{"0":[0]},"fnMap":{"0":{"name":"(empty-report)","decl":{"start":{"line":1,"column":5095},"end":{"line":148,"column":1}},"loc":{"start":{"line":1,"column":5095},"end":{"line":148,"column":1}},"line":1}},"f":{"0":0}}
,"C:\\Users\\User\\Desktop\\NET2\\ReflexSharp-FE\\src\\Play\\utility\\projectiles\\projectileBanana.ts": {"path":"C:\\Users\\User\\Desktop\\NET2\\ReflexSharp-FE\\src\\Play\\utility\\projectiles\\projectileBanana.ts","all":true,"statementMap":{"0":{"start":{"line":1,"column":0},"end":{"line":1,"column":45}},"4":{"start":{"line":5,"column":0},"end":{"line":5,"column":40}},"9":{"start":{"line":10,"column":0},"end":{"line":10,"column":51}},"11":{"start":{"line":12,"column":0},"end":{"line":12,"column":101}},"14":{"start":{"line":15,"column":0},"end":{"line":15,"column":35}},"15":{"start":{"line":16,"column":0},"end":{"line":16,"column":36}},"16":{"start":{"line":17,"column":0},"end":{"line":17,"column":36}},"19":{"start":{"line":20,"column":0},"end":{"line":20,"column":26}},"20":{"start":{"line":21,"column":0},"end":{"line":21,"column":34}},"21":{"start":{"line":22,"column":0},"end":{"line":22,"column":83}},"22":{"start":{"line":23,"column":0},"end":{"line":23,"column":83}},"23":{"start":{"line":24,"column":0},"end":{"line":24,"column":14}},"25":{"start":{"line":26,"column":0},"end":{"line":26,"column":39}},"27":{"start":{"line":28,"column":0},"end":{"line":28,"column":16}},"28":{"start":{"line":29,"column":0},"end":{"line":29,"column":84}},"29":{"start":{"line":30,"column":0},"end":{"line":30,"column":9}},"31":{"start":{"line":32,"column":0},"end":{"line":32,"column":5}},"33":{"start":{"line":34,"column":0},"end":{"line":34,"column":41}},"34":{"start":{"line":35,"column":0},"end":{"line":35,"column":46}},"37":{"start":{"line":38,"column":0},"end":{"line":38,"column":45}},"39":{"start":{"line":40,"column":0},"end":{"line":40,"column":87}},"40":{"start":{"line":41,"column":0},"end":{"line":41,"column":73}},"41":{"start":{"line":42,"column":0},"end":{"line":42,"column":86}},"42":{"start":{"line":43,"column":0},"end":{"line":43,"column":96}},"43":{"start":{"line":44,"column":0},"end":{"line":44,"column":85}},"44":{"start":{"line":45,"column":0},"end":{"line":45,"column":93}},"45":{"start":{"line":46,"column":0},"end":{"line":46,"column":79}},"46":{"start":{"line":47,"column":0},"end":{"line":47,"column":11}},"49":{"start":{"line":50,"column":0},"end":{"line":50,"column":68}},"50":{"start":{"line":51,"column":0},"end":{"line":51,"column":28}},"51":{"start":{"line":52,"column":0},"end":{"line":52,"column":79}},"52":{"start":{"line":53,"column":0},"end":{"line":53,"column":80}},"53":{"start":{"line":54,"column":0},"end":{"line":54,"column":10}},"56":{"start":{"line":57,"column":0},"end":{"line":57,"column":41}},"57":{"start":{"line":58,"column":0},"end":{"line":58,"column":5}},"59":{"start":{"line":60,"column":0},"end":{"line":60,"column":37}},"61":{"start":{"line":62,"column":0},"end":{"line":62,"column":24}},"63":{"start":{"line":64,"column":0},"end":{"line":64,"column":33}},"65":{"start":{"line":66,"column":0},"end":{"line":66,"column":129}},"67":{"start":{"line":68,"column":0},"end":{"line":68,"column":54}},"68":{"start":{"line":69,"column":0},"end":{"line":69,"column":38}},"72":{"start":{"line":73,"column":0},"end":{"line":73,"column":41}},"73":{"start":{"line":74,"column":0},"end":{"line":74,"column":85}},"74":{"start":{"line":75,"column":0},"end":{"line":75,"column":85}},"75":{"start":{"line":76,"column":0},"end":{"line":76,"column":9}},"78":{"start":{"line":79,"column":0},"end":{"line":79,"column":111}},"79":{"start":{"line":80,"column":0},"end":{"line":80,"column":38}},"80":{"start":{"line":81,"column":0},"end":{"line":81,"column":38}},"82":{"start":{"line":83,"column":0},"end":{"line":83,"column":26}},"83":{"start":{"line":84,"column":0},"end":{"line":84,"column":71}},"84":{"start":{"line":85,"column":0},"end":{"line":85,"column":71}},"85":{"start":{"line":86,"column":0},"end":{"line":86,"column":9}},"88":{"start":{"line":89,"column":0},"end":{"line":89,"column":71}},"89":{"start":{"line":90,"column":0},"end":{"line":90,"column":74}},"90":{"start":{"line":91,"column":0},"end":{"line":91,"column":55}},"91":{"start":{"line":92,"column":0},"end":{"line":92,"column":76}},"93":{"start":{"line":94,"column":0},"end":{"line":94,"column":37}},"94":{"start":{"line":95,"column":0},"end":{"line":95,"column":60}},"95":{"start":{"line":96,"column":0},"end":{"line":96,"column":13}},"96":{"start":{"line":97,"column":0},"end":{"line":97,"column":9}},"97":{"start":{"line":98,"column":0},"end":{"line":98,"column":39}},"99":{"start":{"line":100,"column":0},"end":{"line":100,"column":70}},"100":{"start":{"line":101,"column":0},"end":{"line":101,"column":9}},"101":{"start":{"line":102,"column":0},"end":{"line":102,"column":10}},"102":{"start":{"line":103,"column":0},"end":{"line":103,"column":28}},"103":{"start":{"line":104,"column":0},"end":{"line":104,"column":19}},"104":{"start":{"line":105,"column":0},"end":{"line":105,"column":53}},"105":{"start":{"line":106,"column":0},"end":{"line":106,"column":81}},"106":{"start":{"line":107,"column":0},"end":{"line":107,"column":22}},"107":{"start":{"line":108,"column":0},"end":{"line":108,"column":20}},"108":{"start":{"line":109,"column":0},"end":{"line":109,"column":53}},"109":{"start":{"line":110,"column":0},"end":{"line":110,"column":81}},"110":{"start":{"line":111,"column":0},"end":{"line":111,"column":22}},"111":{"start":{"line":112,"column":0},"end":{"line":112,"column":19}},"112":{"start":{"line":113,"column":0},"end":{"line":113,"column":81}},"113":{"start":{"line":114,"column":0},"end":{"line":114,"column":53}},"114":{"start":{"line":115,"column":0},"end":{"line":115,"column":22}},"115":{"start":{"line":116,"column":0},"end":{"line":116,"column":19}},"116":{"start":{"line":117,"column":0},"end":{"line":117,"column":81}},"117":{"start":{"line":118,"column":0},"end":{"line":118,"column":53}},"118":{"start":{"line":119,"column":0},"end":{"line":119,"column":22}},"119":{"start":{"line":120,"column":0},"end":{"line":120,"column":9}},"121":{"start":{"line":122,"column":0},"end":{"line":122,"column":53}},"122":{"start":{"line":123,"column":0},"end":{"line":123,"column":55}},"123":{"start":{"line":124,"column":0},"end":{"line":124,"column":5}},"124":{"start":{"line":125,"column":0},"end":{"line":125,"column":1}},"125":{"start":{"line":126,"column":0},"end":{"line":126,"column":1}}},"s":{"0":0,"4":0,"9":0,"11":0,"14":0,"15":0,"16":0,"19":0,"20":0,"21":0,"22":0,"23":0,"25":0,"27":0,"28":0,"29":0,"31":0,"33":0,"34":0,"37":0,"39":0,"40":0,"41":0,"42":0,"43":0,"44":0,"45":0,"46":0,"49":0,"50":0,"51":0,"52":0,"53":0,"56":0,"57":0,"59":0,"61":0,"63":0,"65":0,"67":0,"68":0,"72":0,"73":0,"74":0,"75":0,"78":0,"79":0,"80":0,"82":0,"83":0,"84":0,"85":0,"88":0,"89":0,"90":0,"91":0,"93":0,"94":0,"95":0,"96":0,"97":0,"99":0,"100":0,"101":0,"102":0,"103":0,"104":0,"105":0,"106":0,"107":0,"108":0,"109":0,"110":0,"111":0,"112":0,"113":0,"114":0,"115":0,"116":0,"117":0,"118":0,"119":0,"121":0,"122":0,"123":0,"124":0,"125":0},"branchMap":{"0":{"type":"branch","line":1,"loc":{"start":{"line":1,"column":4912},"end":{"line":126,"column":1}},"locations":[{"start":{"line":1,"column":4912},"end":{"line":126,"column":1}}]}},"b":{"0":[0]},"fnMap":{"0":{"name":"(empty-report)","decl":{"start":{"line":1,"column":4912},"end":{"line":126,"column":1}},"loc":{"start":{"line":1,"column":4912},"end":{"line":126,"column":1}},"line":1}},"f":{"0":0}}
,"C:\\Users\\User\\Desktop\\NET2\\ReflexSharp-FE\\src\\Play\\utility\\projectiles\\projectilePumpkin.ts": {"path":"C:\\Users\\User\\Desktop\\NET2\\ReflexSharp-FE\\src\\Play\\utility\\projectiles\\projectilePumpkin.ts","all":true,"statementMap":{"0":{"start":{"line":1,"column":0},"end":{"line":1,"column":42}},"4":{"start":{"line":5,"column":0},"end":{"line":5,"column":41}},"5":{"start":{"line":6,"column":0},"end":{"line":6,"column":45}},"6":{"start":{"line":7,"column":0},"end":{"line":7,"column":46}},"7":{"start":{"line":8,"column":0},"end":{"line":8,"column":44}},"10":{"start":{"line":11,"column":0},"end":{"line":11,"column":51}},"12":{"start":{"line":13,"column":0},"end":{"line":13,"column":99}},"13":{"start":{"line":14,"column":0},"end":{"line":14,"column":41}},"15":{"start":{"line":16,"column":0},"end":{"line":16,"column":28}},"16":{"start":{"line":17,"column":0},"end":{"line":17,"column":26}},"17":{"start":{"line":18,"column":0},"end":{"line":18,"column":5}},"19":{"start":{"line":20,"column":0},"end":{"line":20,"column":19}},"20":{"start":{"line":21,"column":0},"end":{"line":21,"column":58}},"21":{"start":{"line":22,"column":0},"end":{"line":22,"column":59}},"22":{"start":{"line":23,"column":0},"end":{"line":23,"column":5}},"24":{"start":{"line":25,"column":0},"end":{"line":25,"column":34}},"25":{"start":{"line":26,"column":0},"end":{"line":26,"column":26}},"26":{"start":{"line":27,"column":0},"end":{"line":27,"column":83}},"27":{"start":{"line":28,"column":0},"end":{"line":28,"column":9}},"28":{"start":{"line":29,"column":0},"end":{"line":29,"column":5}},"30":{"start":{"line":31,"column":0},"end":{"line":31,"column":32}},"31":{"start":{"line":32,"column":0},"end":{"line":32,"column":49}},"32":{"start":{"line":33,"column":0},"end":{"line":33,"column":59}},"33":{"start":{"line":34,"column":0},"end":{"line":34,"column":61}},"36":{"start":{"line":37,"column":0},"end":{"line":37,"column":43}},"37":{"start":{"line":38,"column":0},"end":{"line":38,"column":45}},"41":{"start":{"line":42,"column":0},"end":{"line":42,"column":45}},"42":{"start":{"line":43,"column":0},"end":{"line":43,"column":106}},"43":{"start":{"line":44,"column":0},"end":{"line":44,"column":93}},"44":{"start":{"line":45,"column":0},"end":{"line":45,"column":81}},"45":{"start":{"line":46,"column":0},"end":{"line":46,"column":94}},"46":{"start":{"line":47,"column":0},"end":{"line":47,"column":14}},"49":{"start":{"line":50,"column":0},"end":{"line":50,"column":42}},"52":{"start":{"line":53,"column":0},"end":{"line":53,"column":42}},"53":{"start":{"line":54,"column":0},"end":{"line":54,"column":9}},"54":{"start":{"line":55,"column":0},"end":{"line":55,"column":5}},"57":{"start":{"line":58,"column":0},"end":{"line":58,"column":58}},"58":{"start":{"line":59,"column":0},"end":{"line":59,"column":50}},"59":{"start":{"line":60,"column":0},"end":{"line":60,"column":75}},"60":{"start":{"line":61,"column":0},"end":{"line":61,"column":50}},"61":{"start":{"line":62,"column":0},"end":{"line":62,"column":32}},"64":{"start":{"line":65,"column":0},"end":{"line":65,"column":33}},"65":{"start":{"line":66,"column":0},"end":{"line":66,"column":55}},"66":{"start":{"line":67,"column":0},"end":{"line":67,"column":44}},"67":{"start":{"line":68,"column":0},"end":{"line":68,"column":44}},"68":{"start":{"line":69,"column":0},"end":{"line":69,"column":58}},"69":{"start":{"line":70,"column":0},"end":{"line":70,"column":9}},"70":{"start":{"line":71,"column":0},"end":{"line":71,"column":5}},"72":{"start":{"line":73,"column":0},"end":{"line":73,"column":37}},"73":{"start":{"line":74,"column":0},"end":{"line":74,"column":37}},"75":{"start":{"line":76,"column":0},"end":{"line":76,"column":52}},"76":{"start":{"line":77,"column":0},"end":{"line":77,"column":25}},"77":{"start":{"line":78,"column":0},"end":{"line":78,"column":32}},"79":{"start":{"line":80,"column":0},"end":{"line":80,"column":75}},"80":{"start":{"line":81,"column":0},"end":{"line":81,"column":36}},"81":{"start":{"line":82,"column":0},"end":{"line":82,"column":20}},"82":{"start":{"line":83,"column":0},"end":{"line":83,"column":41}},"83":{"start":{"line":84,"column":0},"end":{"line":84,"column":64}},"84":{"start":{"line":85,"column":0},"end":{"line":85,"column":17}},"85":{"start":{"line":86,"column":0},"end":{"line":86,"column":13}},"86":{"start":{"line":87,"column":0},"end":{"line":87,"column":9}},"87":{"start":{"line":88,"column":0},"end":{"line":88,"column":5}},"89":{"start":{"line":90,"column":0},"end":{"line":90,"column":31}},"90":{"start":{"line":91,"column":0},"end":{"line":91,"column":78}},"91":{"start":{"line":92,"column":0},"end":{"line":92,"column":5}},"93":{"start":{"line":94,"column":0},"end":{"line":94,"column":24}},"94":{"start":{"line":95,"column":0},"end":{"line":95,"column":26}},"95":{"start":{"line":96,"column":0},"end":{"line":96,"column":5}},"97":{"start":{"line":98,"column":0},"end":{"line":98,"column":1}}},"s":{"0":0,"4":0,"5":0,"6":0,"7":0,"10":0,"12":0,"13":0,"15":0,"16":0,"17":0,"19":0,"20":0,"21":0,"22":0,"24":0,"25":0,"26":0,"27":0,"28":0,"30":0,"31":0,"32":0,"33":0,"36":0,"37":0,"41":0,"42":0,"43":0,"44":0,"45":0,"46":0,"49":0,"52":0,"53":0,"54":0,"57":0,"58":0,"59":0,"60":0,"61":0,"64":0,"65":0,"66":0,"67":0,"68":0,"69":0,"70":0,"72":0,"73":0,"75":0,"76":0,"77":0,"79":0,"80":0,"81":0,"82":0,"83":0,"84":0,"85":0,"86":0,"87":0,"89":0,"90":0,"91":0,"93":0,"94":0,"95":0,"97":0},"branchMap":{"0":{"type":"branch","line":1,"loc":{"start":{"line":1,"column":3498},"end":{"line":98,"column":1}},"locations":[{"start":{"line":1,"column":3498},"end":{"line":98,"column":1}}]}},"b":{"0":[0]},"fnMap":{"0":{"name":"(empty-report)","decl":{"start":{"line":1,"column":3498},"end":{"line":98,"column":1}},"loc":{"start":{"line":1,"column":3498},"end":{"line":98,"column":1}},"line":1}},"f":{"0":0}}
,"C:\\Users\\User\\Desktop\\NET2\\ReflexSharp-FE\\src\\Play\\utility\\projectiles\\projectileWatermelon.ts": {"path":"C:\\Users\\User\\Desktop\\NET2\\ReflexSharp-FE\\src\\Play\\utility\\projectiles\\projectileWatermelon.ts","all":true,"statementMap":{"0":{"start":{"line":1,"column":0},"end":{"line":1,"column":45}},"4":{"start":{"line":5,"column":0},"end":{"line":5,"column":44}},"5":{"start":{"line":6,"column":0},"end":{"line":6,"column":80}},"7":{"start":{"line":8,"column":0},"end":{"line":8,"column":51}},"9":{"start":{"line":10,"column":0},"end":{"line":10,"column":148}},"12":{"start":{"line":13,"column":0},"end":{"line":13,"column":35}},"14":{"start":{"line":15,"column":0},"end":{"line":15,"column":40}},"15":{"start":{"line":16,"column":0},"end":{"line":16,"column":81}},"16":{"start":{"line":17,"column":0},"end":{"line":17,"column":34}},"17":{"start":{"line":18,"column":0},"end":{"line":18,"column":47}},"20":{"start":{"line":21,"column":0},"end":{"line":21,"column":88}},"21":{"start":{"line":22,"column":0},"end":{"line":22,"column":5}},"22":{"start":{"line":23,"column":0},"end":{"line":23,"column":1}}},"s":{"0":0,"4":0,"5":0,"7":0,"9":0,"12":0,"14":0,"15":0,"16":0,"17":0,"20":0,"21":0,"22":0},"branchMap":{"0":{"type":"branch","line":1,"loc":{"start":{"line":1,"column":0},"end":{"line":23,"column":-160}},"locations":[{"start":{"line":1,"column":0},"end":{"line":23,"column":-160}}]}},"b":{"0":[0]},"fnMap":{"0":{"name":"(empty-report)","decl":{"start":{"line":1,"column":0},"end":{"line":23,"column":-160}},"loc":{"start":{"line":1,"column":0},"end":{"line":23,"column":-160}},"line":1}},"f":{"0":0}}
,"C:\\Users\\User\\Desktop\\NET2\\ReflexSharp-FE\\src\\Profile\\Profile.tsx": {"path":"C:\\Users\\User\\Desktop\\NET2\\ReflexSharp-FE\\src\\Profile\\Profile.tsx","all":true,"statementMap":{"0":{"start":{"line":1,"column":0},"end":{"line":1,"column":0}},"1":{"start":{"line":2,"column":0},"end":{"line":2,"column":19}},"3":{"start":{"line":4,"column":0},"end":{"line":4,"column":14}},"4":{"start":{"line":5,"column":0},"end":{"line":5,"column":26}},"5":{"start":{"line":6,"column":0},"end":{"line":6,"column":16}},"6":{"start":{"line":7,"column":0},"end":{"line":7,"column":1}},"8":{"start":{"line":9,"column":0},"end":{"line":9,"column":23}}},"s":{"0":0,"1":0,"3":0,"4":0,"5":0,"6":0,"8":0},"branchMap":{"0":{"type":"branch","line":1,"loc":{"start":{"line":1,"column":0},"end":{"line":9,"column":-92}},"locations":[{"start":{"line":1,"column":0},"end":{"line":9,"column":-92}}]}},"b":{"0":[0]},"fnMap":{"0":{"name":"(empty-report)","decl":{"start":{"line":1,"column":0},"end":{"line":9,"column":-92}},"loc":{"start":{"line":1,"column":0},"end":{"line":9,"column":-92}},"line":1}},"f":{"0":0}}
,"C:\\Users\\User\\Desktop\\NET2\\ReflexSharp-FE\\src\\enums\\enums.ts": {"path":"C:\\Users\\User\\Desktop\\NET2\\ReflexSharp-FE\\src\\enums\\enums.ts","all":true,"statementMap":{"0":{"start":{"line":1,"column":0},"end":{"line":1,"column":23}},"1":{"start":{"line":2,"column":0},"end":{"line":2,"column":19}},"2":{"start":{"line":3,"column":0},"end":{"line":3,"column":25}},"3":{"start":{"line":4,"column":0},"end":{"line":4,"column":33}}},"s":{"0":0,"1":0,"2":0,"3":0},"branchMap":{"0":{"type":"branch","line":1,"loc":{"start":{"line":1,"column":7},"end":{"line":5,"column":-48}},"locations":[{"start":{"line":1,"column":7},"end":{"line":5,"column":-48}}]}},"b":{"0":[0]},"fnMap":{"0":{"name":"(empty-report)","decl":{"start":{"line":1,"column":7},"end":{"line":5,"column":-48}},"loc":{"start":{"line":1,"column":7},"end":{"line":5,"column":-48}},"line":1}},"f":{"0":0}}
}
